#
# There is insufficient memory for the Java Runtime Environment to continue.
# Native memory allocation (mmap) failed to map 161480704 bytes for committing reserved memory.
# Possible reasons:
#   The system is out of physical RAM or swap space
#   The process is running with CompressedOops enabled, and the Java Heap may be blocking the growth of the native heap
# Possible solutions:
#   Reduce memory load on the system
#   Increase physical memory or swap space
#   Check if swap backing store is full
#   Decrease Java heap size (-Xmx/-Xms)
#   Decrease number of Java threads
#   Decrease Java thread stack sizes (-Xss)
#   Set larger code cache with -XX:ReservedCodeCacheSize=
#   JVM is running with Unscaled Compressed Oops mode in which the Java heap is
#     placed in the first 4GB address space. The Java Heap base address is the
#     maximum limit for the native heap growth. Please use -XX:HeapBaseMinAddress
#     to set the Java Heap base and to place the Java Heap above 4GB virtual address.
# This output file may be truncated or incomplete.
#
#  Out of Memory Error (os_linux.cpp:2718), pid=7356, tid=7365
#
# JRE version: OpenJDK Runtime Environment (11.0.3+7) (build 11.0.3+7)
# Java VM: OpenJDK 64-Bit Server VM (11.0.3+7, mixed mode, tiered, compressed oops, g1 gc, linux-amd64)
# Core dump will be written. Default location: Core dumps may be processed with "/usr/lib/systemd/systemd-coredump %P %u %g %s %t %c %h %e" (or dumping to /home/cherkasik/IntelliJIDEAProjects/ValuteConverter/core.7356)
#

---------------  S U M M A R Y ------------

Command Line: -Xmx1536m -Dfile.encoding=UTF-8 -Duser.country=RU -Duser.language=ru -Duser.variant org.gradle.launcher.daemon.bootstrap.GradleDaemon 4.8.1

Host: AMD E2-9000 RADEON R2, 4 COMPUTE CORES 2C+2G, 2 cores, 3G, Manjaro Linux
Time: Sat Jun  8 13:51:31 2019 MSK elapsed time: 64 seconds (0d 0h 1m 4s)

---------------  T H R E A D  ---------------

Current thread (0x00007f794c0eb800):  VMThread "VM Thread" [stack: 0x00007f79504ba000,0x00007f79505ba000] [id=7365]

Stack: [0x00007f79504ba000,0x00007f79505ba000],  sp=0x00007f79505b7f80,  free space=1015k
Native frames: (J=compiled Java code, A=aot compiled Java code, j=interpreted, Vv=VM code, C=native code)
V  [libjvm.so+0xdbdbe8]
V  [libjvm.so+0xdbe8eb]
V  [libjvm.so+0x673a4a]
V  [libjvm.so+0xbb9b04]
V  [libjvm.so+0xbb065d]
V  [libjvm.so+0x791e0d]
V  [libjvm.so+0x7921fe]
V  [libjvm.so+0x79b727]
V  [libjvm.so+0x816f54]
V  [libjvm.so+0x817b80]
V  [libjvm.so+0x817fa7]
V  [libjvm.so+0x74e33a]
V  [libjvm.so+0x753029]
V  [libjvm.so+0xdc9a76]
V  [libjvm.so+0xdc860c]
V  [libjvm.so+0xdc5bd9]
V  [libjvm.so+0xdc629f]
V  [libjvm.so+0xdc6528]
V  [libjvm.so+0xd5bd57]
V  [libjvm.so+0xbbeaa1]

VM_Operation (0x00007f78f70e9d10): G1CollectForAllocation, mode: safepoint, requested by thread 0x00007f79001cf000


---------------  P R O C E S S  ---------------

Threads class SMR info:
_java_thread_list=0x00007f79146f2000, length=21, elements={
0x00007f794c011800, 0x00007f794c0f3800, 0x00007f794c0f7800, 0x00007f794c10a000,
0x00007f794c10c000, 0x00007f794c10e000, 0x00007f794c110000, 0x00007f794c197000,
0x00007f794c1ab000, 0x00007f794d0e3000, 0x00007f794d133000, 0x00007f78f800d000,
0x00007f79000c9800, 0x00007f79000c4000, 0x00007f79001cf000, 0x00007f791400b000,
0x00007f791400d000, 0x00007f791415c800, 0x00007f7914168000, 0x00007f79141d3800,
0x00007f79146f1000
}

Java Threads: ( => current thread )
  0x00007f794c011800 JavaThread "main" [_thread_blocked, id=7359, stack(0x00007f795338b000,0x00007f795348c000)]
  0x00007f794c0f3800 JavaThread "Reference Handler" daemon [_thread_blocked, id=7366, stack(0x00007f79503b7000,0x00007f79504b8000)]
  0x00007f794c0f7800 JavaThread "Finalizer" daemon [_thread_blocked, id=7367, stack(0x00007f79502b6000,0x00007f79503b7000)]
  0x00007f794c10a000 JavaThread "Signal Dispatcher" daemon [_thread_blocked, id=7368, stack(0x00007f79501b5000,0x00007f79502b6000)]
  0x00007f794c10c000 JavaThread "C2 CompilerThread0" daemon [_thread_blocked, id=7369, stack(0x00007f79500b4000,0x00007f79501b5000)]
  0x00007f794c10e000 JavaThread "C1 CompilerThread0" daemon [_thread_blocked, id=7370, stack(0x00007f793407b000,0x00007f793417c000)]
  0x00007f794c110000 JavaThread "Sweeper thread" daemon [_thread_blocked, id=7371, stack(0x00007f792c413000,0x00007f792c514000)]
  0x00007f794c197000 JavaThread "Service Thread" daemon [_thread_blocked, id=7372, stack(0x00007f792c312000,0x00007f792c413000)]
  0x00007f794c1ab000 JavaThread "Common-Cleaner" daemon [_thread_blocked, id=7374, stack(0x00007f792c10f000,0x00007f792c210000)]
  0x00007f794d0e3000 JavaThread "Incoming local TCP Connector on port 45219" [_thread_in_native, id=7376, stack(0x00007f78f76f3000,0x00007f78f77f4000)]
  0x00007f794d133000 JavaThread "Daemon periodic checks" [_thread_blocked, id=7377, stack(0x00007f78f75f2000,0x00007f78f76f3000)]
  0x00007f78f800d000 JavaThread "Daemon" [_thread_blocked, id=7378, stack(0x00007f78f74f1000,0x00007f78f75f2000)]
  0x00007f79000c9800 JavaThread "Handler for socket connection from /127.0.0.1:45219 to /127.0.0.1:45252" [_thread_in_native, id=7379, stack(0x00007f78f73f0000,0x00007f78f74f1000)]
  0x00007f79000c4000 JavaThread "Cancel handler" [_thread_blocked, id=7380, stack(0x00007f78f72ef000,0x00007f78f73f0000)]
  0x00007f79001cf000 JavaThread "Daemon worker" [_thread_blocked, id=7381, stack(0x00007f78f6fee000,0x00007f78f70ef000)]
  0x00007f791400b000 JavaThread "Asynchronous log dispatcher for DefaultDaemonConnection: socket connection from /127.0.0.1:45219 to /127.0.0.1:45252" [_thread_blocked, id=7384, stack(0x00007f78f6eed000,0x00007f78f6fee000)]
  0x00007f791400d000 JavaThread "Stdin handler" [_thread_blocked, id=7385, stack(0x00007f78f6dec000,0x00007f78f6eed000)]
  0x00007f791415c800 JavaThread "Cache worker for file hash cache (/home/cherkasik/.gradle/caches/4.8.1/fileHashes)" [_thread_blocked, id=7386, stack(0x00007f78f6aeb000,0x00007f78f6bec000)]
  0x00007f7914168000 JavaThread "File lock request listener" [_thread_in_native, id=7387, stack(0x00007f78f69ea000,0x00007f78f6aeb000)]
  0x00007f79141d3800 JavaThread "Cache worker for file hash cache (/home/cherkasik/IntelliJIDEAProjects/ValuteConverter/.gradle/4.8.1/fileHashes)" [_thread_blocked, id=7388, stack(0x00007f78f68e9000,0x00007f78f69ea000)]
  0x00007f79146f1000 JavaThread "Cache worker for Artifact transforms cache (/home/cherkasik/.gradle/caches/transforms-1)" [_thread_blocked, id=7395, stack(0x00007f78f5be8000,0x00007f78f5ce9000)]

Other Threads:
=>0x00007f794c0eb800 VMThread "VM Thread" [stack: 0x00007f79504ba000,0x00007f79505ba000] [id=7365]
  0x00007f794c199800 WatcherThread [stack: 0x00007f792c212000,0x00007f792c312000] [id=7373]
  0x00007f794c027000 GCTaskThread "GC Thread#0" [stack: 0x00007f7953042000,0x00007f7953142000] [id=7360]
  0x00007f791c001000 GCTaskThread "GC Thread#1" [stack: 0x00007f792c00f000,0x00007f792c10f000] [id=7375]
  0x00007f794c04e000 ConcurrentGCThread "G1 Main Marker" [stack: 0x00007f7950c0a000,0x00007f7950d0a000] [id=7361]
  0x00007f794c050000 ConcurrentGCThread "G1 Conc#0" [stack: 0x00007f7950b08000,0x00007f7950c08000] [id=7362]
  0x00007f794c08a800 ConcurrentGCThread "G1 Refine#0" [stack: 0x00007f7950804000,0x00007f7950904000] [id=7363]
  0x00007f794c08c000 ConcurrentGCThread "G1 Young RemSet Sampling" [stack: 0x00007f7950702000,0x00007f7950802000] [id=7364]

Threads with active compile tasks:

VM state:at safepoint (normal execution)

VM Mutex/Monitor currently owned by a thread:  ([mutex/lock_event])
[0x00007f794c00e380] Threads_lock - owner thread: 0x00007f794c0eb800
[0x00007f794c00ead0] Heap_lock - owner thread: 0x00007f79001cf000

Heap address: 0x00000000a0000000, size: 1536 MB, Compressed Oops mode: 32-bit
Narrow klass base: 0x0000000000000000, Narrow klass shift: 3
Compressed class space size: 1073741824 Address: 0x0000000100000000

Heap:
 garbage-first heap   total 315392K, used 36942K [0x00000000a0000000, 0x0000000100000000)
  region size 1024K, 3 young (3072K), 3 survivors (3072K)
 Metaspace       used 35347K, capacity 36017K, committed 36480K, reserved 1081344K
  class space    used 4503K, capacity 4702K, committed 4736K, reserved 1048576K
Heap Regions: E=young(eden), S=young(survivor), O=old, HS=humongous(starts), HC=humongous(continues), CS=collection set, F=free, A=archive, TAMS=top-at-mark-start (previous, next)
|   0|0x00000000a0000000, 0x00000000a0100000, 0x00000000a0100000|100%|HS|  |TAMS 0x00000000a0100000, 0x00000000a0000000| Complete 
|   1|0x00000000a0100000, 0x00000000a0200000, 0x00000000a0200000|100%|HC|  |TAMS 0x00000000a0200000, 0x00000000a0100000| Complete 
|   2|0x00000000a0200000, 0x00000000a0300000, 0x00000000a0300000|100%| O|  |TAMS 0x00000000a0300000, 0x00000000a0200000| Untracked 
|   3|0x00000000a0300000, 0x00000000a0400000, 0x00000000a0400000|100%| O|  |TAMS 0x00000000a0400000, 0x00000000a0300000| Untracked 
|   4|0x00000000a0400000, 0x00000000a0500000, 0x00000000a0500000|100%| O|  |TAMS 0x00000000a0500000, 0x00000000a0400000| Untracked 
|   5|0x00000000a0500000, 0x00000000a0600000, 0x00000000a0600000|100%| O|  |TAMS 0x00000000a0600000, 0x00000000a0500000| Untracked 
|   6|0x00000000a0600000, 0x00000000a0700000, 0x00000000a0700000|100%| O|  |TAMS 0x00000000a0700000, 0x00000000a0600000| Untracked 
|   7|0x00000000a0700000, 0x00000000a0800000, 0x00000000a0800000|100%| O|  |TAMS 0x00000000a0800000, 0x00000000a0700000| Untracked 
|   8|0x00000000a0800000, 0x00000000a0900000, 0x00000000a0900000|100%| O|  |TAMS 0x00000000a0900000, 0x00000000a0800000| Untracked 
|   9|0x00000000a0900000, 0x00000000a0a00000, 0x00000000a0a00000|100%| O|  |TAMS 0x00000000a0a00000, 0x00000000a0900000| Untracked 
|  10|0x00000000a0a00000, 0x00000000a0b00000, 0x00000000a0b00000|100%| O|  |TAMS 0x00000000a0b00000, 0x00000000a0a00000| Untracked 
|  11|0x00000000a0b00000, 0x00000000a0c00000, 0x00000000a0c00000|100%| O|  |TAMS 0x00000000a0c00000, 0x00000000a0b00000| Untracked 
|  12|0x00000000a0c00000, 0x00000000a0d00000, 0x00000000a0d00000|100%|HS|  |TAMS 0x00000000a0d00000, 0x00000000a0c00000| Complete 
|  13|0x00000000a0d00000, 0x00000000a0e00000, 0x00000000a0e00000|100%|HC|  |TAMS 0x00000000a0e00000, 0x00000000a0d00000| Complete 
|  14|0x00000000a0e00000, 0x00000000a0f00000, 0x00000000a0f00000|100%|HS|  |TAMS 0x00000000a0f00000, 0x00000000a0e00000| Complete 
|  15|0x00000000a0f00000, 0x00000000a1000000, 0x00000000a1000000|100%|HC|  |TAMS 0x00000000a1000000, 0x00000000a0f00000| Complete 
|  16|0x00000000a1000000, 0x00000000a1100000, 0x00000000a1100000|100%|HC|  |TAMS 0x00000000a1100000, 0x00000000a1000000| Complete 
|  17|0x00000000a1100000, 0x00000000a1200000, 0x00000000a1200000|100%|HS|  |TAMS 0x00000000a1200000, 0x00000000a1100000| Complete 
|  18|0x00000000a1200000, 0x00000000a1300000, 0x00000000a1300000|100%|HC|  |TAMS 0x00000000a1300000, 0x00000000a1200000| Complete 
|  19|0x00000000a1300000, 0x00000000a1400000, 0x00000000a1400000|100%|HC|  |TAMS 0x00000000a1400000, 0x00000000a1300000| Complete 
|  20|0x00000000a1400000, 0x00000000a1500000, 0x00000000a1500000|100%| O|  |TAMS 0x00000000a1500000, 0x00000000a1400000| Untracked 
|  21|0x00000000a1500000, 0x00000000a1600000, 0x00000000a1600000|100%| O|  |TAMS 0x00000000a1600000, 0x00000000a1500000| Untracked 
|  22|0x00000000a1600000, 0x00000000a1700000, 0x00000000a1700000|100%| O|  |TAMS 0x00000000a165ca00, 0x00000000a1600000| Untracked 
|  23|0x00000000a1700000, 0x00000000a1800000, 0x00000000a1800000|100%| O|  |TAMS 0x00000000a1800000, 0x00000000a1700000| Untracked 
|  24|0x00000000a1800000, 0x00000000a1900000, 0x00000000a1900000|100%| O|  |TAMS 0x00000000a1900000, 0x00000000a1800000| Untracked 
|  25|0x00000000a1900000, 0x00000000a1a00000, 0x00000000a1a00000|100%| O|  |TAMS 0x00000000a1900000, 0x00000000a1900000| Untracked 
|  26|0x00000000a1a00000, 0x00000000a1b00000, 0x00000000a1b00000|100%| O|  |TAMS 0x00000000a1a00000, 0x00000000a1a00000| Untracked 
|  27|0x00000000a1b00000, 0x00000000a1c00000, 0x00000000a1c00000|100%| O|  |TAMS 0x00000000a1b00000, 0x00000000a1b00000| Untracked 
|  28|0x00000000a1c00000, 0x00000000a1d00000, 0x00000000a1d00000|100%| O|  |TAMS 0x00000000a1c00000, 0x00000000a1c00000| Untracked 
|  29|0x00000000a1d00000, 0x00000000a1e00000, 0x00000000a1e00000|100%| O|  |TAMS 0x00000000a1d00000, 0x00000000a1d00000| Untracked 
|  30|0x00000000a1e00000, 0x00000000a1f00000, 0x00000000a1f00000|100%| O|  |TAMS 0x00000000a1e00000, 0x00000000a1e00000| Untracked 
|  31|0x00000000a1f00000, 0x00000000a2000000, 0x00000000a2000000|100%| O|  |TAMS 0x00000000a1f00000, 0x00000000a1f00000| Untracked 
|  32|0x00000000a2000000, 0x00000000a2100000, 0x00000000a2100000|100%| O|  |TAMS 0x00000000a2000000, 0x00000000a2000000| Untracked 
|  33|0x00000000a2100000, 0x00000000a214ba00, 0x00000000a2200000| 29%| O|  |TAMS 0x00000000a2100000, 0x00000000a2100000| Untracked 
|  34|0x00000000a2200000, 0x00000000a2200000, 0x00000000a2300000|  0%| F|  |TAMS 0x00000000a2200000, 0x00000000a2200000| Untracked 
|  35|0x00000000a2300000, 0x00000000a2300000, 0x00000000a2400000|  0%| F|  |TAMS 0x00000000a2300000, 0x00000000a2300000| Untracked 
|  36|0x00000000a2400000, 0x00000000a2400000, 0x00000000a2500000|  0%| F|  |TAMS 0x00000000a2400000, 0x00000000a2400000| Untracked 
|  37|0x00000000a2500000, 0x00000000a2500000, 0x00000000a2600000|  0%| F|  |TAMS 0x00000000a2500000, 0x00000000a2500000| Untracked 
|  38|0x00000000a2600000, 0x00000000a2600000, 0x00000000a2700000|  0%| F|  |TAMS 0x00000000a2600000, 0x00000000a2600000| Untracked 
|  39|0x00000000a2700000, 0x00000000a2700000, 0x00000000a2800000|  0%| F|  |TAMS 0x00000000a2700000, 0x00000000a2700000| Untracked 
|  40|0x00000000a2800000, 0x00000000a2800000, 0x00000000a2900000|  0%| F|  |TAMS 0x00000000a2800000, 0x00000000a2800000| Untracked 
|  41|0x00000000a2900000, 0x00000000a2900000, 0x00000000a2a00000|  0%| F|  |TAMS 0x00000000a2900000, 0x00000000a2900000| Untracked 
|  42|0x00000000a2a00000, 0x00000000a2a00000, 0x00000000a2b00000|  0%| F|  |TAMS 0x00000000a2a00000, 0x00000000a2a00000| Untracked 
|  43|0x00000000a2b00000, 0x00000000a2b00000, 0x00000000a2c00000|  0%| F|  |TAMS 0x00000000a2b00000, 0x00000000a2b00000| Untracked 
|  44|0x00000000a2c00000, 0x00000000a2c00000, 0x00000000a2d00000|  0%| F|  |TAMS 0x00000000a2c00000, 0x00000000a2c00000| Untracked 
|  45|0x00000000a2d00000, 0x00000000a2d00000, 0x00000000a2e00000|  0%| F|  |TAMS 0x00000000a2d00000, 0x00000000a2d00000| Untracked 
|  46|0x00000000a2e00000, 0x00000000a2e00000, 0x00000000a2f00000|  0%| F|  |TAMS 0x00000000a2e00000, 0x00000000a2e00000| Untracked 
|  47|0x00000000a2f00000, 0x00000000a2f00000, 0x00000000a3000000|  0%| F|  |TAMS 0x00000000a2f00000, 0x00000000a2f00000| Untracked 
|  48|0x00000000a3000000, 0x00000000a3000000, 0x00000000a3100000|  0%| F|  |TAMS 0x00000000a3000000, 0x00000000a3000000| Untracked 
|  49|0x00000000a3100000, 0x00000000a3100000, 0x00000000a3200000|  0%| F|  |TAMS 0x00000000a3100000, 0x00000000a3100000| Untracked 
|  50|0x00000000a3200000, 0x00000000a3200000, 0x00000000a3300000|  0%| F|  |TAMS 0x00000000a3200000, 0x00000000a3200000| Untracked 
|  51|0x00000000a3300000, 0x00000000a3300000, 0x00000000a3400000|  0%| F|  |TAMS 0x00000000a3300000, 0x00000000a3300000| Untracked 
|  52|0x00000000a3400000, 0x00000000a3400000, 0x00000000a3500000|  0%| F|  |TAMS 0x00000000a3400000, 0x00000000a3400000| Untracked 
|  53|0x00000000a3500000, 0x00000000a3500000, 0x00000000a3600000|  0%| F|  |TAMS 0x00000000a3500000, 0x00000000a3500000| Untracked 
|  54|0x00000000a3600000, 0x00000000a3600000, 0x00000000a3700000|  0%| F|  |TAMS 0x00000000a3600000, 0x00000000a3600000| Untracked 
|  55|0x00000000a3700000, 0x00000000a3700000, 0x00000000a3800000|  0%| F|  |TAMS 0x00000000a3700000, 0x00000000a3700000| Untracked 
|  56|0x00000000a3800000, 0x00000000a3800000, 0x00000000a3900000|  0%| F|  |TAMS 0x00000000a3800000, 0x00000000a3800000| Untracked 
|  57|0x00000000a3900000, 0x00000000a3900000, 0x00000000a3a00000|  0%| F|  |TAMS 0x00000000a3900000, 0x00000000a3900000| Untracked 
|  58|0x00000000a3a00000, 0x00000000a3a00000, 0x00000000a3b00000|  0%| F|  |TAMS 0x00000000a3a00000, 0x00000000a3a00000| Untracked 
|  59|0x00000000a3b00000, 0x00000000a3b00000, 0x00000000a3c00000|  0%| F|  |TAMS 0x00000000a3b00000, 0x00000000a3b00000| Untracked 
|  60|0x00000000a3c00000, 0x00000000a3c00000, 0x00000000a3d00000|  0%| F|  |TAMS 0x00000000a3c00000, 0x00000000a3c00000| Untracked 
|  61|0x00000000a3d00000, 0x00000000a3d00000, 0x00000000a3e00000|  0%| F|  |TAMS 0x00000000a3d00000, 0x00000000a3d00000| Untracked 
|  62|0x00000000a3e00000, 0x00000000a3e00000, 0x00000000a3f00000|  0%| F|  |TAMS 0x00000000a3e00000, 0x00000000a3e00000| Untracked 
|  63|0x00000000a3f00000, 0x00000000a3f00000, 0x00000000a4000000|  0%| F|  |TAMS 0x00000000a3f00000, 0x00000000a3f00000| Untracked 
|  64|0x00000000a4000000, 0x00000000a4000000, 0x00000000a4100000|  0%| F|  |TAMS 0x00000000a4000000, 0x00000000a4000000| Untracked 
|  65|0x00000000a4100000, 0x00000000a4100000, 0x00000000a4200000|  0%| F|  |TAMS 0x00000000a4100000, 0x00000000a4100000| Untracked 
|  66|0x00000000a4200000, 0x00000000a4200000, 0x00000000a4300000|  0%| F|  |TAMS 0x00000000a4200000, 0x00000000a4200000| Untracked 
|  67|0x00000000a4300000, 0x00000000a4300000, 0x00000000a4400000|  0%| F|  |TAMS 0x00000000a4300000, 0x00000000a4300000| Untracked 
|  68|0x00000000a4400000, 0x00000000a4400000, 0x00000000a4500000|  0%| F|  |TAMS 0x00000000a4400000, 0x00000000a4400000| Untracked 
|  69|0x00000000a4500000, 0x00000000a4500000, 0x00000000a4600000|  0%| F|  |TAMS 0x00000000a4500000, 0x00000000a4500000| Untracked 
|  70|0x00000000a4600000, 0x00000000a4600000, 0x00000000a4700000|  0%| F|  |TAMS 0x00000000a4600000, 0x00000000a4600000| Untracked 
|  71|0x00000000a4700000, 0x00000000a4700000, 0x00000000a4800000|  0%| F|  |TAMS 0x00000000a4700000, 0x00000000a4700000| Untracked 
|  72|0x00000000a4800000, 0x00000000a4800000, 0x00000000a4900000|  0%| F|  |TAMS 0x00000000a4800000, 0x00000000a4800000| Untracked 
|  73|0x00000000a4900000, 0x00000000a4900000, 0x00000000a4a00000|  0%| F|  |TAMS 0x00000000a4900000, 0x00000000a4900000| Untracked 
|  74|0x00000000a4a00000, 0x00000000a4a00000, 0x00000000a4b00000|  0%| F|  |TAMS 0x00000000a4a00000, 0x00000000a4a00000| Untracked 
|  75|0x00000000a4b00000, 0x00000000a4b00000, 0x00000000a4c00000|  0%| F|  |TAMS 0x00000000a4b00000, 0x00000000a4b00000| Untracked 
|  76|0x00000000a4c00000, 0x00000000a4c00000, 0x00000000a4d00000|  0%| F|  |TAMS 0x00000000a4c00000, 0x00000000a4c00000| Untracked 
|  77|0x00000000a4d00000, 0x00000000a4d00000, 0x00000000a4e00000|  0%| F|  |TAMS 0x00000000a4d00000, 0x00000000a4d00000| Untracked 
|  78|0x00000000a4e00000, 0x00000000a4e00000, 0x00000000a4f00000|  0%| F|  |TAMS 0x00000000a4e00000, 0x00000000a4e00000| Untracked 
|  79|0x00000000a4f00000, 0x00000000a4f00000, 0x00000000a5000000|  0%| F|  |TAMS 0x00000000a4f00000, 0x00000000a4f00000| Untracked 
|  80|0x00000000a5000000, 0x00000000a5000000, 0x00000000a5100000|  0%| F|  |TAMS 0x00000000a5000000, 0x00000000a5000000| Untracked 
|  81|0x00000000a5100000, 0x00000000a5100000, 0x00000000a5200000|  0%| F|  |TAMS 0x00000000a5100000, 0x00000000a5100000| Untracked 
|  82|0x00000000a5200000, 0x00000000a5200000, 0x00000000a5300000|  0%| F|  |TAMS 0x00000000a5200000, 0x00000000a5200000| Untracked 
|  83|0x00000000a5300000, 0x00000000a5300000, 0x00000000a5400000|  0%| F|  |TAMS 0x00000000a5300000, 0x00000000a5300000| Untracked 
|  84|0x00000000a5400000, 0x00000000a5400000, 0x00000000a5500000|  0%| F|  |TAMS 0x00000000a5400000, 0x00000000a5400000| Untracked 
|  85|0x00000000a5500000, 0x00000000a5500000, 0x00000000a5600000|  0%| F|  |TAMS 0x00000000a5500000, 0x00000000a5500000| Untracked 
|  86|0x00000000a5600000, 0x00000000a5600000, 0x00000000a5700000|  0%| F|  |TAMS 0x00000000a5600000, 0x00000000a5600000| Untracked 
|  87|0x00000000a5700000, 0x00000000a5700000, 0x00000000a5800000|  0%| F|  |TAMS 0x00000000a5700000, 0x00000000a5700000| Untracked 
|  88|0x00000000a5800000, 0x00000000a5800000, 0x00000000a5900000|  0%| F|  |TAMS 0x00000000a5800000, 0x00000000a5800000| Untracked 
|  89|0x00000000a5900000, 0x00000000a5900000, 0x00000000a5a00000|  0%| F|  |TAMS 0x00000000a5900000, 0x00000000a5900000| Untracked 
|  90|0x00000000a5a00000, 0x00000000a5a00000, 0x00000000a5b00000|  0%| F|  |TAMS 0x00000000a5a00000, 0x00000000a5a00000| Untracked 
|  91|0x00000000a5b00000, 0x00000000a5b00000, 0x00000000a5c00000|  0%| F|  |TAMS 0x00000000a5b00000, 0x00000000a5b00000| Untracked 
|  92|0x00000000a5c00000, 0x00000000a5c00000, 0x00000000a5d00000|  0%| F|  |TAMS 0x00000000a5c00000, 0x00000000a5c00000| Untracked 
|  93|0x00000000a5d00000, 0x00000000a5d00000, 0x00000000a5e00000|  0%| F|  |TAMS 0x00000000a5d00000, 0x00000000a5d00000| Untracked 
|  94|0x00000000a5e00000, 0x00000000a5e00000, 0x00000000a5f00000|  0%| F|  |TAMS 0x00000000a5e00000, 0x00000000a5e00000| Untracked 
|  95|0x00000000a5f00000, 0x00000000a5f00000, 0x00000000a6000000|  0%| F|  |TAMS 0x00000000a5f00000, 0x00000000a5f00000| Untracked 
|  96|0x00000000a6000000, 0x00000000a6000000, 0x00000000a6100000|  0%| F|  |TAMS 0x00000000a6000000, 0x00000000a6000000| Untracked 
|  97|0x00000000a6100000, 0x00000000a6100000, 0x00000000a6200000|  0%| F|  |TAMS 0x00000000a6100000, 0x00000000a6100000| Untracked 
|  98|0x00000000a6200000, 0x00000000a6200000, 0x00000000a6300000|  0%| F|  |TAMS 0x00000000a6200000, 0x00000000a6200000| Untracked 
|  99|0x00000000a6300000, 0x00000000a6300000, 0x00000000a6400000|  0%| F|  |TAMS 0x00000000a6300000, 0x00000000a6300000| Untracked 
| 100|0x00000000a6400000, 0x00000000a6400000, 0x00000000a6500000|  0%| F|  |TAMS 0x00000000a6400000, 0x00000000a6400000| Untracked 
| 101|0x00000000a6500000, 0x00000000a6500000, 0x00000000a6600000|  0%| F|  |TAMS 0x00000000a6500000, 0x00000000a6500000| Untracked 
| 102|0x00000000a6600000, 0x00000000a6600000, 0x00000000a6700000|  0%| F|  |TAMS 0x00000000a6600000, 0x00000000a6600000| Untracked 
| 103|0x00000000a6700000, 0x00000000a6700000, 0x00000000a6800000|  0%| F|  |TAMS 0x00000000a6700000, 0x00000000a6700000| Untracked 
| 104|0x00000000a6800000, 0x00000000a6800000, 0x00000000a6900000|  0%| F|  |TAMS 0x00000000a6800000, 0x00000000a6800000| Untracked 
| 105|0x00000000a6900000, 0x00000000a6900000, 0x00000000a6a00000|  0%| F|  |TAMS 0x00000000a6900000, 0x00000000a6900000| Untracked 
| 106|0x00000000a6a00000, 0x00000000a6a00000, 0x00000000a6b00000|  0%| F|  |TAMS 0x00000000a6a00000, 0x00000000a6a00000| Untracked 
| 107|0x00000000a6b00000, 0x00000000a6b00000, 0x00000000a6c00000|  0%| F|  |TAMS 0x00000000a6b00000, 0x00000000a6b00000| Untracked 
| 108|0x00000000a6c00000, 0x00000000a6c00000, 0x00000000a6d00000|  0%| F|  |TAMS 0x00000000a6c00000, 0x00000000a6c00000| Untracked 
| 109|0x00000000a6d00000, 0x00000000a6d00000, 0x00000000a6e00000|  0%| F|  |TAMS 0x00000000a6d00000, 0x00000000a6d00000| Untracked 
| 110|0x00000000a6e00000, 0x00000000a6e00000, 0x00000000a6f00000|  0%| F|  |TAMS 0x00000000a6e00000, 0x00000000a6e00000| Untracked 
| 111|0x00000000a6f00000, 0x00000000a6f00000, 0x00000000a7000000|  0%| F|  |TAMS 0x00000000a6f00000, 0x00000000a6f00000| Untracked 
| 112|0x00000000a7000000, 0x00000000a7000000, 0x00000000a7100000|  0%| F|  |TAMS 0x00000000a7000000, 0x00000000a7000000| Untracked 
| 113|0x00000000a7100000, 0x00000000a7100000, 0x00000000a7200000|  0%| F|  |TAMS 0x00000000a7100000, 0x00000000a7100000| Untracked 
| 114|0x00000000a7200000, 0x00000000a7200000, 0x00000000a7300000|  0%| F|  |TAMS 0x00000000a7200000, 0x00000000a7200000| Untracked 
| 115|0x00000000a7300000, 0x00000000a7300000, 0x00000000a7400000|  0%| F|  |TAMS 0x00000000a7300000, 0x00000000a7300000| Untracked 
| 116|0x00000000a7400000, 0x00000000a7400000, 0x00000000a7500000|  0%| F|  |TAMS 0x00000000a7400000, 0x00000000a7400000| Untracked 
| 117|0x00000000a7500000, 0x00000000a7500000, 0x00000000a7600000|  0%| F|  |TAMS 0x00000000a7500000, 0x00000000a7500000| Untracked 
| 118|0x00000000a7600000, 0x00000000a7600000, 0x00000000a7700000|  0%| F|  |TAMS 0x00000000a7600000, 0x00000000a7600000| Untracked 
| 119|0x00000000a7700000, 0x00000000a7700000, 0x00000000a7800000|  0%| F|  |TAMS 0x00000000a7700000, 0x00000000a7700000| Untracked 
| 120|0x00000000a7800000, 0x00000000a7800000, 0x00000000a7900000|  0%| F|  |TAMS 0x00000000a7800000, 0x00000000a7800000| Untracked 
| 121|0x00000000a7900000, 0x00000000a7900000, 0x00000000a7a00000|  0%| F|  |TAMS 0x00000000a7900000, 0x00000000a7900000| Untracked 
| 122|0x00000000a7a00000, 0x00000000a7a00000, 0x00000000a7b00000|  0%| F|  |TAMS 0x00000000a7a00000, 0x00000000a7a00000| Untracked 
| 123|0x00000000a7b00000, 0x00000000a7b00000, 0x00000000a7c00000|  0%| F|  |TAMS 0x00000000a7b00000, 0x00000000a7b00000| Untracked 
| 124|0x00000000a7c00000, 0x00000000a7c00000, 0x00000000a7d00000|  0%| F|  |TAMS 0x00000000a7c00000, 0x00000000a7c00000| Untracked 
| 125|0x00000000a7d00000, 0x00000000a7dc8130, 0x00000000a7e00000| 78%| S|CS|TAMS 0x00000000a7d00000, 0x00000000a7d00000| Complete 
| 126|0x00000000a7e00000, 0x00000000a7f00000, 0x00000000a7f00000|100%| S|CS|TAMS 0x00000000a7e00000, 0x00000000a7e00000| Complete 
| 127|0x00000000a7f00000, 0x00000000a8000000, 0x00000000a8000000|100%| S|CS|TAMS 0x00000000a7f00000, 0x00000000a7f00000| Complete 
| 128|0x00000000a8000000, 0x00000000a8000000, 0x00000000a8100000|  0%| F|  |TAMS 0x00000000a8000000, 0x00000000a8000000| Untracked 
| 129|0x00000000a8100000, 0x00000000a8100000, 0x00000000a8200000|  0%| F|  |TAMS 0x00000000a8100000, 0x00000000a8100000| Untracked 
| 130|0x00000000a8200000, 0x00000000a8200000, 0x00000000a8300000|  0%| F|  |TAMS 0x00000000a8200000, 0x00000000a8200000| Untracked 
| 131|0x00000000a8300000, 0x00000000a8300000, 0x00000000a8400000|  0%| F|  |TAMS 0x00000000a8300000, 0x00000000a8300000| Untracked 
| 132|0x00000000a8400000, 0x00000000a8400000, 0x00000000a8500000|  0%| F|  |TAMS 0x00000000a8400000, 0x00000000a8400000| Untracked 
| 133|0x00000000a8500000, 0x00000000a8500000, 0x00000000a8600000|  0%| F|  |TAMS 0x00000000a8500000, 0x00000000a8500000| Untracked 
| 134|0x00000000a8600000, 0x00000000a8600000, 0x00000000a8700000|  0%| F|  |TAMS 0x00000000a8600000, 0x00000000a8600000| Untracked 
| 135|0x00000000a8700000, 0x00000000a8700000, 0x00000000a8800000|  0%| F|  |TAMS 0x00000000a8700000, 0x00000000a8700000| Untracked 
| 136|0x00000000a8800000, 0x00000000a8800000, 0x00000000a8900000|  0%| F|  |TAMS 0x00000000a8800000, 0x00000000a8800000| Untracked 
| 137|0x00000000a8900000, 0x00000000a8900000, 0x00000000a8a00000|  0%| F|  |TAMS 0x00000000a8900000, 0x00000000a8900000| Untracked 
| 138|0x00000000a8a00000, 0x00000000a8a00000, 0x00000000a8b00000|  0%| F|  |TAMS 0x00000000a8a00000, 0x00000000a8a00000| Untracked 
| 139|0x00000000a8b00000, 0x00000000a8b00000, 0x00000000a8c00000|  0%| F|  |TAMS 0x00000000a8b00000, 0x00000000a8b00000| Untracked 
| 140|0x00000000a8c00000, 0x00000000a8c00000, 0x00000000a8d00000|  0%| F|  |TAMS 0x00000000a8c00000, 0x00000000a8c00000| Untracked 
| 141|0x00000000a8d00000, 0x00000000a8d00000, 0x00000000a8e00000|  0%| F|  |TAMS 0x00000000a8d00000, 0x00000000a8d00000| Untracked 
| 142|0x00000000a8e00000, 0x00000000a8e00000, 0x00000000a8f00000|  0%| F|  |TAMS 0x00000000a8e00000, 0x00000000a8e00000| Untracked 
| 143|0x00000000a8f00000, 0x00000000a8f00000, 0x00000000a9000000|  0%| F|  |TAMS 0x00000000a8f00000, 0x00000000a8f00000| Untracked 
| 144|0x00000000a9000000, 0x00000000a9000000, 0x00000000a9100000|  0%| F|  |TAMS 0x00000000a9000000, 0x00000000a9000000| Untracked 
| 145|0x00000000a9100000, 0x00000000a9100000, 0x00000000a9200000|  0%| F|  |TAMS 0x00000000a9100000, 0x00000000a9100000| Untracked 
| 146|0x00000000a9200000, 0x00000000a9200000, 0x00000000a9300000|  0%| F|  |TAMS 0x00000000a9200000, 0x00000000a9200000| Untracked 
| 147|0x00000000a9300000, 0x00000000a9300000, 0x00000000a9400000|  0%| F|  |TAMS 0x00000000a9300000, 0x00000000a9300000| Untracked 
| 148|0x00000000a9400000, 0x00000000a9400000, 0x00000000a9500000|  0%| F|  |TAMS 0x00000000a9400000, 0x00000000a9400000| Untracked 
| 149|0x00000000a9500000, 0x00000000a9500000, 0x00000000a9600000|  0%| F|  |TAMS 0x00000000a9500000, 0x00000000a9500000| Untracked 
| 150|0x00000000a9600000, 0x00000000a9600000, 0x00000000a9700000|  0%| F|  |TAMS 0x00000000a9600000, 0x00000000a9600000| Untracked 
| 151|0x00000000a9700000, 0x00000000a9700000, 0x00000000a9800000|  0%| F|  |TAMS 0x00000000a9700000, 0x00000000a9700000| Untracked 
| 152|0x00000000a9800000, 0x00000000a9800000, 0x00000000a9900000|  0%| F|  |TAMS 0x00000000a9800000, 0x00000000a9800000| Untracked 
| 153|0x00000000a9900000, 0x00000000a9900000, 0x00000000a9a00000|  0%| F|  |TAMS 0x00000000a9900000, 0x00000000a9900000| Untracked 

Card table byte_map: [0x00007f795283e000,0x00007f7952b3e000] _byte_map_base: 0x00007f795233e000

Marking Bits (Prev, Next): (CMBitMap*) 0x00007f794c047288, (CMBitMap*) 0x00007f794c0472c0
 Prev Bits: [0x00007f7950d3e000, 0x00007f795253e000)
 Next Bits: [0x00007f792e800000, 0x00007f7930000000)

Polling page: 0x00007f7954d8a000

Metaspace:

Usage:
  Non-class:     30,58 MB capacity,    30,12 MB ( 98%) used,   417,62 KB (  1%) free+waste,    52,75 KB ( <1%) overhead. 
      Class:      4,59 MB capacity,     4,40 MB ( 96%) used,   175,09 KB (  4%) free+waste,    23,88 KB ( <1%) overhead. 
       Both:     35,17 MB capacity,    34,52 MB ( 98%) used,   592,72 KB (  2%) free+waste,    76,62 KB ( <1%) overhead. 

Virtual space:
  Non-class space:       32,00 MB reserved,      31,00 MB ( 97%) committed 
      Class space:        1,00 GB reserved,       4,62 MB ( <1%) committed 
             Both:        1,03 GB reserved,      35,62 MB (  3%) committed 

Chunk freelists:
   Non-Class:  333,00 KB
       Class:  2,00 KB
        Both:  335,00 KB

CodeHeap 'non-profiled nmethods': size=120036Kb used=1459Kb max_used=1459Kb free=118577Kb
 bounds [0x00007f793c443000, 0x00007f793c6b3000, 0x00007f794397c000]
CodeHeap 'profiled nmethods': size=120032Kb used=5561Kb max_used=5561Kb free=114470Kb
 bounds [0x00007f7934f0b000, 0x00007f793548b000, 0x00007f793c443000]
CodeHeap 'non-nmethods': size=5692Kb used=2145Kb max_used=2172Kb free=3547Kb
 bounds [0x00007f793497c000, 0x00007f7934bec000, 0x00007f7934f0b000]
 total_blobs=4514 nmethods=2823 adapters=620
 compilation: enabled
              stopped_count=0, restarted_count=0
 full_count=0

Compilation events (10 events):
Event: 60,570 Thread 0x00007f794c10c000 2999       4       jdk.internal.ref.PhantomCleanable::clean (16 bytes)
Event: 60,597 Thread 0x00007f794c10c000 nmethod 2999 0x00007f793c5a8f10 code [0x00007f793c5a9100, 0x00007f793c5aa158]
Event: 60,889 Thread 0x00007f794c10c000 3000       4       java.util.zip.ZipInputStream::read (304 bytes)
Event: 61,003 Thread 0x00007f794c10c000 nmethod 3000 0x00007f793c5aa690 code [0x00007f793c5aa880, 0x00007f793c5aadd0]
Event: 61,003 Thread 0x00007f794c10c000 3001       4       java.io.FilterInputStream::read (9 bytes)
Event: 61,012 Thread 0x00007f794c10c000 nmethod 3001 0x00007f793c5ab310 code [0x00007f793c5ab500, 0x00007f793c5ab990]
Event: 62,356 Thread 0x00007f794c10c000 3002       4       com.google.common.io.ByteStreams::copy (53 bytes)
Event: 62,746 Thread 0x00007f794c10c000 nmethod 3002 0x00007f793c5abe90 code [0x00007f793c5ac100, 0x00007f793c5acbf0]
Event: 62,862 Thread 0x00007f794c10c000 3003       4       java.util.zip.ZipInputStream::getNextEntry (74 bytes)
Event: 63,050 Thread 0x00007f794c10c000 nmethod 3003 0x00007f793c5ad810 code [0x00007f793c5ada80, 0x00007f793c5af060]

GC Heap History (10 events):
Event: 33,308 GC heap after
{Heap after GC invocations=16 (full 0):
 garbage-first heap   total 157696K, used 33168K [0x00000000a0000000, 0x0000000100000000)
  region size 1024K, 1 young (1024K), 1 survivors (1024K)
 Metaspace       used 35300K, capacity 35889K, committed 36480K, reserved 1081344K
  class space    used 4503K, capacity 4702K, committed 4736K, reserved 1048576K
}
Event: 38,962 GC heap before
{Heap before GC invocations=16 (full 0):
 garbage-first heap   total 157696K, used 56720K [0x00000000a0000000, 0x0000000100000000)
  region size 1024K, 25 young (25600K), 1 survivors (1024K)
 Metaspace       used 35302K, capacity 35889K, committed 36480K, reserved 1081344K
  class space    used 4503K, capacity 4702K, committed 4736K, reserved 1048576K
}
Event: 39,919 GC heap after
{Heap after GC invocations=17 (full 0):
 garbage-first heap   total 157696K, used 34459K [0x00000000a0000000, 0x0000000100000000)
  region size 1024K, 2 young (2048K), 2 survivors (2048K)
 Metaspace       used 35302K, capacity 35889K, committed 36480K, reserved 1081344K
  class space    used 4503K, capacity 4702K, committed 4736K, reserved 1048576K
}
Event: 41,252 GC heap before
{Heap before GC invocations=17 (full 0):
 garbage-first heap   total 157696K, used 39579K [0x00000000a0000000, 0x0000000100000000)
  region size 1024K, 7 young (7168K), 2 survivors (2048K)
 Metaspace       used 35302K, capacity 35889K, committed 36480K, reserved 1081344K
  class space    used 4503K, capacity 4702K, committed 4736K, reserved 1048576K
}
Event: 41,263 GC heap after
{Heap after GC invocations=18 (full 0):
 garbage-first heap   total 157696K, used 34686K [0x00000000a0000000, 0x0000000100000000)
  region size 1024K, 1 young (1024K), 1 survivors (1024K)
 Metaspace       used 35302K, capacity 35889K, committed 36480K, reserved 1081344K
  class space    used 4503K, capacity 4702K, committed 4736K, reserved 1048576K
}
Event: 42,803 GC heap before
{Heap before GC invocations=18 (full 0):
 garbage-first heap   total 157696K, used 40830K [0x00000000a0000000, 0x0000000100000000)
  region size 1024K, 7 young (7168K), 1 survivors (1024K)
 Metaspace       used 35302K, capacity 35889K, committed 36480K, reserved 1081344K
  class space    used 4503K, capacity 4702K, committed 4736K, reserved 1048576K
}
Event: 42,809 GC heap after
{Heap after GC invocations=19 (full 0):
 garbage-first heap   total 157696K, used 34897K [0x00000000a0000000, 0x0000000100000000)
  region size 1024K, 1 young (1024K), 1 survivors (1024K)
 Metaspace       used 35302K, capacity 35889K, committed 36480K, reserved 1081344K
  class space    used 4503K, capacity 4702K, committed 4736K, reserved 1048576K
}
Event: 60,244 GC heap before
{Heap before GC invocations=19 (full 0):
 garbage-first heap   total 157696K, used 52305K [0x00000000a0000000, 0x0000000100000000)
  region size 1024K, 18 young (18432K), 1 survivors (1024K)
 Metaspace       used 35347K, capacity 36017K, committed 36480K, reserved 1081344K
  class space    used 4503K, capacity 4702K, committed 4736K, reserved 1048576K
}
Event: 60,375 GC heap after
{Heap after GC invocations=20 (full 0):
 garbage-first heap   total 157696K, used 35517K [0x00000000a0000000, 0x0000000100000000)
  region size 1024K, 2 young (2048K), 2 survivors (2048K)
 Metaspace       used 35347K, capacity 36017K, committed 36480K, reserved 1081344K
  class space    used 4503K, capacity 4702K, committed 4736K, reserved 1048576K
}
Event: 63,121 GC heap before
{Heap before GC invocations=20 (full 0):
 garbage-first heap   total 157696K, used 60093K [0x00000000a0000000, 0x0000000100000000)
  region size 1024K, 26 young (26624K), 2 survivors (2048K)
 Metaspace       used 35347K, capacity 36017K, committed 36480K, reserved 1081344K
  class space    used 4503K, capacity 4702K, committed 4736K, reserved 1048576K
}

Deoptimization events (10 events):
Event: 44,099 Thread 0x00007f79001cf000 Uncommon trap: reason=unstable_if action=reinterpret pc=0x00007f793c581988 method=java.util.zip.ZipInputStream.readLOC()Ljava/util/zip/ZipEntry; @ 29 c2
Event: 44,799 Thread 0x00007f79001cf000 Uncommon trap: reason=class_check action=maybe_recompile pc=0x00007f793c585a00 method=java.util.AbstractQueue.add(Ljava/lang/Object;)Z @ 2 c2
Event: 44,799 Thread 0x00007f79001cf000 Uncommon trap: reason=class_check action=maybe_recompile pc=0x00007f793c585a00 method=java.util.AbstractQueue.add(Ljava/lang/Object;)Z @ 2 c2
Event: 45,034 Thread 0x00007f79001cf000 Uncommon trap: reason=class_check action=maybe_recompile pc=0x00007f793c585a00 method=java.util.AbstractQueue.add(Ljava/lang/Object;)Z @ 2 c2
Event: 45,136 Thread 0x00007f79001cf000 Uncommon trap: reason=class_check action=maybe_recompile pc=0x00007f793c585a00 method=java.util.AbstractQueue.add(Ljava/lang/Object;)Z @ 2 c2
Event: 46,131 Thread 0x00007f79001cf000 Uncommon trap: reason=unstable_if action=reinterpret pc=0x00007f793c576478 method=java.util.zip.ZipInputStream.read([BII)I @ 50 c2
Event: 46,131 Thread 0x00007f79001cf000 Uncommon trap: reason=unstable_if action=reinterpret pc=0x00007f793c5946e8 method=java.util.zip.ZipInputStream.read([BII)I @ 50 c2
Event: 46,131 Thread 0x00007f79001cf000 Uncommon trap: reason=unstable_if action=reinterpret pc=0x00007f793c576d58 method=java.util.zip.ZipInputStream.read([BII)I @ 50 c2
Event: 46,131 Thread 0x00007f79001cf000 Uncommon trap: reason=unstable_if action=reinterpret pc=0x00007f793c598c1c method=java.util.zip.ZipInputStream.read([BII)I @ 50 c2
Event: 46,132 Thread 0x00007f79001cf000 Uncommon trap: reason=unstable_if action=reinterpret pc=0x00007f793c58624c method=java.util.zip.ZipInputStream.read([BII)I @ 50 c2

Classes redefined (0 events):
No events

Internal exceptions (10 events):
Event: 22,249 Thread 0x00007f79001cf000 Implicit null exception at 0x00007f793c4a5bf5 to 0x00007f793c4a5da6
Event: 22,276 Thread 0x00007f79001cf000 Implicit null exception at 0x00007f793c45bb2f to 0x00007f793c45bb9d
Event: 23,380 Thread 0x00007f79001cf000 Exception <a 'java/lang/ClassNotFoundException'{0x00000000a52b9c80}: org/gradle/api/internal/artifacts/dsl/dependencies/DefaultDependencyHandler_DecoratedBeanInfo> (0x00000000a52b9c80) thrown at [/build/src/jdk11u-jdk-11.0.3+7/src/hotspot/share/classfile/
Event: 23,383 Thread 0x00007f79001cf000 Exception <a 'java/lang/ClassNotFoundException'{0x00000000a52e2e38}: org/gradle/api/internal/artifacts/dsl/dependencies/DefaultDependencyHandlerBeanInfo> (0x00000000a52e2e38) thrown at [/build/src/jdk11u-jdk-11.0.3+7/src/hotspot/share/classfile/systemDict
Event: 23,385 Thread 0x00007f79001cf000 Exception <a 'java/lang/ClassNotFoundException'{0x00000000a510c208}: org/gradle/api/internal/artifacts/dsl/dependencies/DefaultDependencyHandlerCustomizer> (0x00000000a510c208) thrown at [/build/src/jdk11u-jdk-11.0.3+7/src/hotspot/share/classfile/systemDi
Event: 23,405 Thread 0x00007f79001cf000 Exception <a 'java/lang/ClassNotFoundException'{0x00000000a514efd8}: org/gradle/api/internal/artifacts/dsl/dependencies/DefaultDependencyHandler_DecoratedCustomizer> (0x00000000a514efd8) thrown at [/build/src/jdk11u-jdk-11.0.3+7/src/hotspot/share/classfil
Event: 24,075 Thread 0x00007f79001cf000 Exception <a 'java/lang/NoSuchMethodError'{0x00000000a7fdffe0}: <clinit>> (0x00000000a7fdffe0) thrown at [/build/src/jdk11u-jdk-11.0.3+7/src/hotspot/share/prims/jni.cpp, line 1364]
Event: 24,080 Thread 0x00007f79001cf000 Exception <a 'java/lang/NoSuchMethodError'{0x00000000a7e0c4d8}: <clinit>> (0x00000000a7e0c4d8) thrown at [/build/src/jdk11u-jdk-11.0.3+7/src/hotspot/share/prims/jni.cpp, line 1364]
Event: 24,080 Thread 0x00007f79001cf000 Exception <a 'java/lang/NoSuchMethodError'{0x00000000a7e0dbd8}: <clinit>> (0x00000000a7e0dbd8) thrown at [/build/src/jdk11u-jdk-11.0.3+7/src/hotspot/share/prims/jni.cpp, line 1364]
Event: 24,080 Thread 0x00007f79001cf000 Exception <a 'java/lang/NoSuchMethodError'{0x00000000a7e0f690}: <clinit>> (0x00000000a7e0f690) thrown at [/build/src/jdk11u-jdk-11.0.3+7/src/hotspot/share/prims/jni.cpp, line 1364]

Events (10 events):
Event: 46,131 Thread 0x00007f79001cf000 DEOPT UNPACKING pc=0x00007f79349a41a5 sp=0x00007f78f70ea068 mode 2
Event: 46,131 Thread 0x00007f79001cf000 Uncommon trap: trap_request=0xffffff4d fr.pc=0x00007f793c598c1c relative=0x000000000000183c
Event: 46,131 Thread 0x00007f79001cf000 DEOPT PACKING pc=0x00007f793c598c1c sp=0x00007f78f70ea250
Event: 46,131 Thread 0x00007f79001cf000 DEOPT UNPACKING pc=0x00007f79349a41a5 sp=0x00007f78f70ea070 mode 2
Event: 46,131 Thread 0x00007f79001cf000 Uncommon trap: trap_request=0xffffff4d fr.pc=0x00007f793c58624c relative=0x000000000000052c
Event: 46,132 Thread 0x00007f79001cf000 DEOPT PACKING pc=0x00007f793c58624c sp=0x00007f78f70ea0a0
Event: 46,132 Thread 0x00007f79001cf000 DEOPT UNPACKING pc=0x00007f79349a41a5 sp=0x00007f78f70e9f90 mode 2
Event: 60,244 Executing VM operation: G1CollectForAllocation
Event: 60,375 Executing VM operation: G1CollectForAllocation done
Event: 63,121 Executing VM operation: G1CollectForAllocation


Dynamic libraries:
a0000000-a9a00000 rw-p 00000000 00:00 0 
b3400000-100000000 ---p 00000000 00:00 0 
100000000-1004a0000 rw-p 00000000 00:00 0 
1004a0000-140000000 ---p 00000000 00:00 0 
561dffe14000-561dffe15000 r--p 00000000 08:06 657484                     /usr/lib/jvm/java-11-openjdk/bin/java
561dffe15000-561dffe16000 r-xp 00001000 08:06 657484                     /usr/lib/jvm/java-11-openjdk/bin/java
561dffe16000-561dffe17000 r--p 00002000 08:06 657484                     /usr/lib/jvm/java-11-openjdk/bin/java
561dffe17000-561dffe18000 r--p 00002000 08:06 657484                     /usr/lib/jvm/java-11-openjdk/bin/java
561dffe18000-561dffe19000 rw-p 00003000 08:06 657484                     /usr/lib/jvm/java-11-openjdk/bin/java
561e00d96000-561e00db7000 rw-p 00000000 00:00 0                          [heap]
7f78f59e8000-7f78f5ae8000 rw-p 00000000 00:00 0 
7f78f5ae8000-7f78f5be8000 ---p 00000000 00:00 0 
7f78f5be8000-7f78f5bec000 ---p 00000000 00:00 0 
7f78f5bec000-7f78f5ee9000 rw-p 00000000 00:00 0 
7f78f5ee9000-7f78f60e9000 rw-p 00000000 00:00 0 
7f78f60e9000-7f78f62e9000 rw-p 00000000 00:00 0 
7f78f62e9000-7f78f64e9000 rw-p 00000000 00:00 0 
7f78f64e9000-7f78f66e9000 rw-p 00000000 00:00 0 
7f78f66e9000-7f78f68e9000 rw-p 00000000 00:00 0 
7f78f68e9000-7f78f68ed000 ---p 00000000 00:00 0 
7f78f68ed000-7f78f69ea000 rw-p 00000000 00:00 0 
7f78f69ea000-7f78f69ee000 ---p 00000000 00:00 0 
7f78f69ee000-7f78f6aeb000 rw-p 00000000 00:00 0 
7f78f6aeb000-7f78f6aef000 ---p 00000000 00:00 0 
7f78f6aef000-7f78f6dec000 rw-p 00000000 00:00 0 
7f78f6dec000-7f78f6df0000 ---p 00000000 00:00 0 
7f78f6df0000-7f78f6eed000 rw-p 00000000 00:00 0 
7f78f6eed000-7f78f6ef1000 ---p 00000000 00:00 0 
7f78f6ef1000-7f78f6fee000 rw-p 00000000 00:00 0 
7f78f6fee000-7f78f6ff2000 ---p 00000000 00:00 0 
7f78f6ff2000-7f78f72ef000 rw-p 00000000 00:00 0 
7f78f72ef000-7f78f72f3000 ---p 00000000 00:00 0 
7f78f72f3000-7f78f73f0000 rw-p 00000000 00:00 0 
7f78f73f0000-7f78f73f4000 ---p 00000000 00:00 0 
7f78f73f4000-7f78f74f1000 rw-p 00000000 00:00 0 
7f78f74f1000-7f78f74f5000 ---p 00000000 00:00 0 
7f78f74f5000-7f78f75f2000 rw-p 00000000 00:00 0 
7f78f75f2000-7f78f75f6000 ---p 00000000 00:00 0 
7f78f75f6000-7f78f76f3000 rw-p 00000000 00:00 0 
7f78f76f3000-7f78f76f7000 ---p 00000000 00:00 0 
7f78f76f7000-7f78f79f4000 rw-p 00000000 00:00 0 
7f78f79f4000-7f78f7bf4000 rw-p 00000000 00:00 0 
7f78f7bf4000-7f78f7df4000 rw-p 00000000 00:00 0 
7f78f7df4000-7f78f7df9000 r-xp 00000000 08:06 1276535                    /home/cherkasik/.gradle/native/25/linux-amd64/libnative-platform.so
7f78f7df9000-7f78f7ff8000 ---p 00005000 08:06 1276535                    /home/cherkasik/.gradle/native/25/linux-amd64/libnative-platform.so
7f78f7ff8000-7f78f7ff9000 rw-p 00004000 08:06 1276535                    /home/cherkasik/.gradle/native/25/linux-amd64/libnative-platform.so
7f78f8000000-7f78f8053000 rw-p 00000000 00:00 0 
7f78f8053000-7f78fc000000 ---p 00000000 00:00 0 
7f78fc000000-7f78fc021000 rw-p 00000000 00:00 0 
7f78fc021000-7f7900000000 ---p 00000000 00:00 0 
7f7900000000-7f790042b000 rw-p 00000000 00:00 0 
7f790042b000-7f7904000000 ---p 00000000 00:00 0 
7f7904000000-7f7904026000 rw-p 00000000 00:00 0 
7f7904026000-7f7908000000 ---p 00000000 00:00 0 
7f7908000000-7f7908021000 rw-p 00000000 00:00 0 
7f7908021000-7f790c000000 ---p 00000000 00:00 0 
7f790c000000-7f790d5fc000 rw-p 00000000 00:00 0 
7f790d5fc000-7f7910000000 ---p 00000000 00:00 0 
7f7910000000-7f7910021000 rw-p 00000000 00:00 0 
7f7910021000-7f7914000000 ---p 00000000 00:00 0 
7f7914000000-7f79148c1000 rw-p 00000000 00:00 0 
7f79148c1000-7f7918000000 ---p 00000000 00:00 0 
7f7918000000-7f7918026000 rw-p 00000000 00:00 0 
7f7918026000-7f791c000000 ---p 00000000 00:00 0 
7f791c000000-7f791c0ee000 rw-p 00000000 00:00 0 
7f791c0ee000-7f7920000000 ---p 00000000 00:00 0 
7f7920000000-7f7920021000 rw-p 00000000 00:00 0 
7f7920021000-7f7924000000 ---p 00000000 00:00 0 
7f7924000000-7f7924021000 rw-p 00000000 00:00 0 
7f7924021000-7f7928000000 ---p 00000000 00:00 0 
7f7928000000-7f7928021000 rw-p 00000000 00:00 0 
7f7928021000-7f792c000000 ---p 00000000 00:00 0 
7f792c00d000-7f792c00e000 ---p 00000000 00:00 0 
7f792c00e000-7f792c10f000 rw-p 00000000 00:00 0 
7f792c10f000-7f792c113000 ---p 00000000 00:00 0 
7f792c113000-7f792c210000 rw-p 00000000 00:00 0 
7f792c210000-7f792c211000 ---p 00000000 00:00 0 
7f792c211000-7f792c312000 rw-p 00000000 00:00 0 
7f792c312000-7f792c316000 ---p 00000000 00:00 0 
7f792c316000-7f792c413000 rw-p 00000000 00:00 0 
7f792c413000-7f792c417000 ---p 00000000 00:00 0 
7f792c417000-7f792c514000 rw-p 00000000 00:00 0 
7f792c514000-7f792c7fa000 r--p 00000000 08:06 412890                     /usr/lib/locale/locale-archive
7f792c800000-7f792ea68000 rw-p 00000000 00:00 0 
7f792ea68000-7f7930000000 ---p 00000000 00:00 0 
7f7930000000-7f7930021000 rw-p 00000000 00:00 0 
7f7930021000-7f7934000000 ---p 00000000 00:00 0 
7f793407b000-7f793407f000 ---p 00000000 00:00 0 
7f793407f000-7f793497c000 rw-p 00000000 00:00 0 
7f793497c000-7f7934bec000 rwxp 00000000 00:00 0 
7f7934bec000-7f7934f0b000 ---p 00000000 00:00 0 
7f7934f0b000-7f793548b000 rwxp 00000000 00:00 0 
7f793548b000-7f793c443000 ---p 00000000 00:00 0 
7f793c443000-7f793c6b3000 rwxp 00000000 00:00 0 
7f793c6b3000-7f794397c000 ---p 00000000 00:00 0 
7f794397c000-7f794bffd000 r--s 00000000 08:06 657564                     /usr/lib/jvm/java-11-openjdk/lib/modules
7f794c000000-7f794d13a000 rw-p 00000000 00:00 0 
7f794d13a000-7f7950000000 ---p 00000000 00:00 0 
7f795002c000-7f795002d000 r--p 00000000 08:06 657513                     /usr/lib/jvm/java-11-openjdk/lib/libextnet.so
7f795002d000-7f795002e000 r-xp 00001000 08:06 657513                     /usr/lib/jvm/java-11-openjdk/lib/libextnet.so
7f795002e000-7f795002f000 r--p 00002000 08:06 657513                     /usr/lib/jvm/java-11-openjdk/lib/libextnet.so
7f795002f000-7f7950030000 r--p 00002000 08:06 657513                     /usr/lib/jvm/java-11-openjdk/lib/libextnet.so
7f7950030000-7f7950031000 rw-p 00003000 08:06 657513                     /usr/lib/jvm/java-11-openjdk/lib/libextnet.so
7f7950034000-7f7950036000 r--p 00000000 08:06 657543                     /usr/lib/jvm/java-11-openjdk/lib/libmanagement_ext.so
7f7950036000-7f7950039000 r-xp 00002000 08:06 657543                     /usr/lib/jvm/java-11-openjdk/lib/libmanagement_ext.so
7f7950039000-7f795003a000 r--p 00005000 08:06 657543                     /usr/lib/jvm/java-11-openjdk/lib/libmanagement_ext.so
7f795003a000-7f795003b000 ---p 00006000 08:06 657543                     /usr/lib/jvm/java-11-openjdk/lib/libmanagement_ext.so
7f795003b000-7f795003c000 r--p 00006000 08:06 657543                     /usr/lib/jvm/java-11-openjdk/lib/libmanagement_ext.so
7f795003c000-7f795003d000 rw-p 00007000 08:06 657543                     /usr/lib/jvm/java-11-openjdk/lib/libmanagement_ext.so
7f7950044000-7f7950047000 r--p 00000000 08:06 657539                     /usr/lib/jvm/java-11-openjdk/lib/libmanagement.so
7f7950047000-7f7950048000 r-xp 00003000 08:06 657539                     /usr/lib/jvm/java-11-openjdk/lib/libmanagement.so
7f7950048000-7f7950049000 r--p 00004000 08:06 657539                     /usr/lib/jvm/java-11-openjdk/lib/libmanagement.so
7f7950049000-7f795004a000 r--p 00004000 08:06 657539                     /usr/lib/jvm/java-11-openjdk/lib/libmanagement.so
7f795004a000-7f795004b000 rw-p 00005000 08:06 657539                     /usr/lib/jvm/java-11-openjdk/lib/libmanagement.so
7f795004b000-7f795007c000 rw-p 00000000 00:00 0 
7f795007c000-7f7950080000 r--p 00000000 08:06 657547                     /usr/lib/jvm/java-11-openjdk/lib/libnet.so
7f7950080000-7f7950090000 r-xp 00004000 08:06 657547                     /usr/lib/jvm/java-11-openjdk/lib/libnet.so
7f7950090000-7f7950094000 r--p 00014000 08:06 657547                     /usr/lib/jvm/java-11-openjdk/lib/libnet.so
7f7950094000-7f7950095000 r--p 00017000 08:06 657547                     /usr/lib/jvm/java-11-openjdk/lib/libnet.so
7f7950095000-7f7950096000 rw-p 00018000 08:06 657547                     /usr/lib/jvm/java-11-openjdk/lib/libnet.so
7f795009c000-7f79500a3000 r--p 00000000 08:06 657549                     /usr/lib/jvm/java-11-openjdk/lib/libnio.so
7f79500a3000-7f79500aa000 r-xp 00007000 08:06 657549                     /usr/lib/jvm/java-11-openjdk/lib/libnio.so
7f79500aa000-7f79500ad000 r--p 0000e000 08:06 657549                     /usr/lib/jvm/java-11-openjdk/lib/libnio.so
7f79500ad000-7f79500ae000 r--p 00010000 08:06 657549                     /usr/lib/jvm/java-11-openjdk/lib/libnio.so
7f79500ae000-7f79500af000 rw-p 00011000 08:06 657549                     /usr/lib/jvm/java-11-openjdk/lib/libnio.so
7f79500b4000-7f79500b8000 ---p 00000000 00:00 0 
7f79500b8000-7f79501b5000 rw-p 00000000 00:00 0 
7f79501b5000-7f79501b9000 ---p 00000000 00:00 0 
7f79501b9000-7f79502b6000 rw-p 00000000 00:00 0 
7f79502b6000-7f79502ba000 ---p 00000000 00:00 0 
7f79502ba000-7f79503b7000 rw-p 00000000 00:00 0 
7f79503b7000-7f79503bb000 ---p 00000000 00:00 0 
7f79503bb000-7f79504b8000 rw-p 00000000 00:00 0 
7f79504b8000-7f79504b9000 ---p 00000000 00:00 0 
7f79504b9000-7f7950700000 rw-p 00000000 00:00 0 
7f7950700000-7f7950701000 ---p 00000000 00:00 0 
7f7950701000-7f7950802000 rw-p 00000000 00:00 0 
7f7950802000-7f7950803000 ---p 00000000 00:00 0 
7f7950803000-7f7950b06000 rw-p 00000000 00:00 0 
7f7950b06000-7f7950b07000 ---p 00000000 00:00 0 
7f7950b07000-7f7950c08000 rw-p 00000000 00:00 0 
7f7950c08000-7f7950c09000 ---p 00000000 00:00 0 
7f7950c09000-7f7950fa6000 rw-p 00000000 00:00 0 
7f7950fa6000-7f795253e000 ---p 00000000 00:00 0 
7f795253e000-7f795258b000 rw-p 00000000 00:00 0 
7f795258b000-7f795283e000 ---p 00000000 00:00 0 
7f795283e000-7f795288b000 rw-p 00000000 00:00 0 
7f795288b000-7f7952b3e000 ---p 00000000 00:00 0 
7f7952b3e000-7f7952b8b000 rw-p 00000000 00:00 0 
7f7952b8b000-7f7952e3e000 ---p 00000000 00:00 0 
7f7952e3e000-7f7953040000 rw-p 00000000 00:00 0 
7f7953040000-7f7953041000 ---p 00000000 00:00 0 
7f7953041000-7f7953147000 rw-p 00000000 00:00 0 
7f7953147000-7f795322d000 ---p 00000000 00:00 0 
7f795322d000-7f7953238000 rw-p 00000000 00:00 0 
7f7953238000-7f7953318000 ---p 00000000 00:00 0 
7f7953318000-7f795331d000 rw-p 00000000 00:00 0 
7f795331d000-7f7953324000 ---p 00000000 00:00 0 
7f7953324000-7f7953326000 r--p 00000000 08:06 657533                     /usr/lib/jvm/java-11-openjdk/lib/libjimage.so
7f7953326000-7f7953329000 r-xp 00002000 08:06 657533                     /usr/lib/jvm/java-11-openjdk/lib/libjimage.so
7f7953329000-7f795332a000 r--p 00005000 08:06 657533                     /usr/lib/jvm/java-11-openjdk/lib/libjimage.so
7f795332a000-7f795332b000 ---p 00006000 08:06 657533                     /usr/lib/jvm/java-11-openjdk/lib/libjimage.so
7f795332b000-7f795332c000 r--p 00006000 08:06 657533                     /usr/lib/jvm/java-11-openjdk/lib/libjimage.so
7f795332c000-7f795332d000 rw-p 00007000 08:06 657533                     /usr/lib/jvm/java-11-openjdk/lib/libjimage.so
7f7953334000-7f7953336000 r--p 00000000 08:06 657563                     /usr/lib/jvm/java-11-openjdk/lib/libzip.so
7f7953336000-7f795333a000 r-xp 00002000 08:06 657563                     /usr/lib/jvm/java-11-openjdk/lib/libzip.so
7f795333a000-7f795333c000 r--p 00006000 08:06 657563                     /usr/lib/jvm/java-11-openjdk/lib/libzip.so
7f795333c000-7f795333d000 r--p 00007000 08:06 657563                     /usr/lib/jvm/java-11-openjdk/lib/libzip.so
7f795333d000-7f795333e000 rw-p 00008000 08:06 657563                     /usr/lib/jvm/java-11-openjdk/lib/libzip.so
7f7953344000-7f795334c000 rw-s 00000000 00:2a 55                         /tmp/hsperfdata_cherkasik/7356
7f795334c000-7f795335a000 r--p 00000000 08:06 657527                     /usr/lib/jvm/java-11-openjdk/lib/libjava.so
7f795335a000-7f795336f000 r-xp 0000e000 08:06 657527                     /usr/lib/jvm/java-11-openjdk/lib/libjava.so
7f795336f000-7f7953375000 r--p 00023000 08:06 657527                     /usr/lib/jvm/java-11-openjdk/lib/libjava.so
7f7953375000-7f7953376000 ---p 00029000 08:06 657527                     /usr/lib/jvm/java-11-openjdk/lib/libjava.so
7f7953376000-7f7953377000 r--p 00029000 08:06 657527                     /usr/lib/jvm/java-11-openjdk/lib/libjava.so
7f7953377000-7f7953378000 rw-p 0002a000 08:06 657527                     /usr/lib/jvm/java-11-openjdk/lib/libjava.so
7f7953378000-7f7953379000 rw-p 00000000 00:00 0 
7f795337c000-7f795337e000 r--p 00000000 08:06 412877                     /usr/lib/librt-2.29.so
7f795337e000-7f7953382000 r-xp 00002000 08:06 412877                     /usr/lib/librt-2.29.so
7f7953382000-7f7953384000 r--p 00006000 08:06 412877                     /usr/lib/librt-2.29.so
7f7953384000-7f7953385000 r--p 00007000 08:06 412877                     /usr/lib/librt-2.29.so
7f7953385000-7f7953386000 rw-p 00008000 08:06 412877                     /usr/lib/librt-2.29.so
7f795338b000-7f795338f000 ---p 00000000 00:00 0 
7f795338f000-7f795348c000 rw-p 00000000 00:00 0 
7f795348c000-7f795348f000 r--p 00000000 08:06 398291                     /usr/lib/libgcc_s.so.1
7f795348f000-7f79534a0000 r-xp 00003000 08:06 398291                     /usr/lib/libgcc_s.so.1
7f79534a0000-7f79534a3000 r--p 00014000 08:06 398291                     /usr/lib/libgcc_s.so.1
7f79534a3000-7f79534a4000 ---p 00017000 08:06 398291                     /usr/lib/libgcc_s.so.1
7f79534a4000-7f79534a5000 r--p 00017000 08:06 398291                     /usr/lib/libgcc_s.so.1
7f79534a5000-7f79534a6000 rw-p 00018000 08:06 398291                     /usr/lib/libgcc_s.so.1
7f79534ac000-7f79534b9000 r--p 00000000 08:06 402931                     /usr/lib/libm-2.29.so
7f79534b9000-7f7953555000 r-xp 0000d000 08:06 402931                     /usr/lib/libm-2.29.so
7f7953555000-7f79535f0000 r--p 000a9000 08:06 402931                     /usr/lib/libm-2.29.so
7f79535f0000-7f79535f1000 r--p 00143000 08:06 402931                     /usr/lib/libm-2.29.so
7f79535f1000-7f79535f2000 rw-p 00144000 08:06 402931                     /usr/lib/libm-2.29.so
7f79535f4000-7f795367e000 r--p 00000000 08:06 400106                     /usr/lib/libstdc++.so.6.0.25
7f795367e000-7f7953736000 r-xp 0008a000 08:06 400106                     /usr/lib/libstdc++.so.6.0.25
7f7953736000-7f7953773000 r--p 00142000 08:06 400106                     /usr/lib/libstdc++.so.6.0.25
7f7953773000-7f7953774000 ---p 0017f000 08:06 400106                     /usr/lib/libstdc++.so.6.0.25
7f7953774000-7f7953780000 r--p 0017f000 08:06 400106                     /usr/lib/libstdc++.so.6.0.25
7f7953780000-7f7953781000 rw-p 0018b000 08:06 400106                     /usr/lib/libstdc++.so.6.0.25
7f7953781000-7f7953784000 rw-p 00000000 00:00 0 
7f7953784000-7f79539f6000 r--p 00000000 08:06 657576                     /usr/lib/jvm/java-11-openjdk/lib/server/libjvm.so
7f79539f6000-7f79545ba000 r-xp 00272000 08:06 657576                     /usr/lib/jvm/java-11-openjdk/lib/server/libjvm.so
7f79545ba000-7f79547f6000 r--p 00e36000 08:06 657576                     /usr/lib/jvm/java-11-openjdk/lib/server/libjvm.so
7f79547f6000-7f79548b5000 r--p 01071000 08:06 657576                     /usr/lib/jvm/java-11-openjdk/lib/server/libjvm.so
7f79548b5000-7f79548ee000 rw-p 01130000 08:06 657576                     /usr/lib/jvm/java-11-openjdk/lib/server/libjvm.so
7f79548ee000-7f7954944000 rw-p 00000000 00:00 0 
7f7954944000-7f795494a000 r--p 00000000 08:06 412869                     /usr/lib/libpthread-2.29.so
7f795494a000-7f7954959000 r-xp 00006000 08:06 412869                     /usr/lib/libpthread-2.29.so
7f7954959000-7f795495f000 r--p 00015000 08:06 412869                     /usr/lib/libpthread-2.29.so
7f795495f000-7f7954960000 r--p 0001a000 08:06 412869                     /usr/lib/libpthread-2.29.so
7f7954960000-7f7954961000 rw-p 0001b000 08:06 412869                     /usr/lib/libpthread-2.29.so
7f7954961000-7f7954965000 rw-p 00000000 00:00 0 
7f795496c000-7f795496d000 r--p 00000000 08:06 402925                     /usr/lib/libdl-2.29.so
7f795496d000-7f795496e000 r-xp 00001000 08:06 402925                     /usr/lib/libdl-2.29.so
7f795496e000-7f795496f000 r--p 00002000 08:06 402925                     /usr/lib/libdl-2.29.so
7f795496f000-7f7954970000 r--p 00002000 08:06 402925                     /usr/lib/libdl-2.29.so
7f7954970000-7f7954971000 rw-p 00003000 08:06 402925                     /usr/lib/libdl-2.29.so
7f7954974000-7f795498a000 r-xp 00000000 08:06 400220                     /usr/lib/libz.so.1.2.11
7f795498a000-7f7954b89000 ---p 00016000 08:06 400220                     /usr/lib/libz.so.1.2.11
7f7954b89000-7f7954b8a000 r--p 00015000 08:06 400220                     /usr/lib/libz.so.1.2.11
7f7954b8a000-7f7954b8b000 rw-p 00016000 08:06 400220                     /usr/lib/libz.so.1.2.11
7f7954b8c000-7f7954bae000 r--p 00000000 08:06 402916                     /usr/lib/libc-2.29.so
7f7954bae000-7f7954cfa000 r-xp 00022000 08:06 402916                     /usr/lib/libc-2.29.so
7f7954cfa000-7f7954d46000 r--p 0016e000 08:06 402916                     /usr/lib/libc-2.29.so
7f7954d46000-7f7954d47000 ---p 001ba000 08:06 402916                     /usr/lib/libc-2.29.so
7f7954d47000-7f7954d4b000 r--p 001ba000 08:06 402916                     /usr/lib/libc-2.29.so
7f7954d4b000-7f7954d4d000 rw-p 001be000 08:06 402916                     /usr/lib/libc-2.29.so
7f7954d4d000-7f7954d51000 rw-p 00000000 00:00 0 
7f7954d5c000-7f7954d5f000 r--p 00000000 08:06 410291                     /usr/lib/libnss_files-2.29.so
7f7954d5f000-7f7954d66000 r-xp 00003000 08:06 410291                     /usr/lib/libnss_files-2.29.so
7f7954d66000-7f7954d69000 r--p 0000a000 08:06 410291                     /usr/lib/libnss_files-2.29.so
7f7954d69000-7f7954d6a000 r--p 0000c000 08:06 410291                     /usr/lib/libnss_files-2.29.so
7f7954d6a000-7f7954d6b000 rw-p 0000d000 08:06 410291                     /usr/lib/libnss_files-2.29.so
7f7954d6b000-7f7954d71000 rw-p 00000000 00:00 0 
7f7954d74000-7f7954d79000 r--p 00000000 08:06 657561                     /usr/lib/jvm/java-11-openjdk/lib/libverify.so
7f7954d79000-7f7954d80000 r-xp 00005000 08:06 657561                     /usr/lib/jvm/java-11-openjdk/lib/libverify.so
7f7954d80000-7f7954d82000 r--p 0000c000 08:06 657561                     /usr/lib/jvm/java-11-openjdk/lib/libverify.so
7f7954d82000-7f7954d84000 r--p 0000d000 08:06 657561                     /usr/lib/jvm/java-11-openjdk/lib/libverify.so
7f7954d84000-7f7954d85000 rw-p 0000f000 08:06 657561                     /usr/lib/jvm/java-11-openjdk/lib/libverify.so
7f7954d8a000-7f7954d8b000 ---p 00000000 00:00 0 
7f7954d8b000-7f7954d8c000 r--p 00000000 00:00 0 
7f7954d8c000-7f7954d8f000 r--p 00000000 08:06 657503                     /usr/lib/jvm/java-11-openjdk/lib/jli/libjli.so
7f7954d8f000-7f7954d99000 r-xp 00003000 08:06 657503                     /usr/lib/jvm/java-11-openjdk/lib/jli/libjli.so
7f7954d99000-7f7954d9c000 r--p 0000d000 08:06 657503                     /usr/lib/jvm/java-11-openjdk/lib/jli/libjli.so
7f7954d9c000-7f7954d9d000 ---p 00010000 08:06 657503                     /usr/lib/jvm/java-11-openjdk/lib/jli/libjli.so
7f7954d9d000-7f7954d9e000 r--p 00010000 08:06 657503                     /usr/lib/jvm/java-11-openjdk/lib/jli/libjli.so
7f7954d9e000-7f7954d9f000 rw-p 00011000 08:06 657503                     /usr/lib/jvm/java-11-openjdk/lib/jli/libjli.so
7f7954da0000-7f7954da4000 rw-p 00000000 00:00 0 
7f7954da4000-7f7954da6000 r--p 00000000 08:06 402905                     /usr/lib/ld-2.29.so
7f7954da6000-7f7954dc5000 r-xp 00002000 08:06 402905                     /usr/lib/ld-2.29.so
7f7954dc5000-7f7954dcd000 r--p 00021000 08:06 402905                     /usr/lib/ld-2.29.so
7f7954dce000-7f7954dcf000 r--p 00029000 08:06 402905                     /usr/lib/ld-2.29.so
7f7954dcf000-7f7954dd0000 rw-p 0002a000 08:06 402905                     /usr/lib/ld-2.29.so
7f7954dd0000-7f7954dd1000 rw-p 00000000 00:00 0 
7ffc91ac5000-7ffc91ae6000 rw-p 00000000 00:00 0                          [stack]
7ffc91b34000-7ffc91b37000 r--p 00000000 00:00 0                          [vvar]
7ffc91b37000-7ffc91b39000 r-xp 00000000 00:00 0                          [vdso]


VM Arguments:
jvm_args: -Xmx1536m -Dfile.encoding=UTF-8 -Duser.country=RU -Duser.language=ru -Duser.variant 
java_command: org.gradle.launcher.daemon.bootstrap.GradleDaemon 4.8.1
java_class_path (initial): /opt/gradle/gradle-4.8.1/lib/gradle-launcher-4.8.1.jar
Launcher Type: SUN_STANDARD

[Global flags]
     intx CICompilerCount                          = 2                                         {product} {ergonomic}
     uint ConcGCThreads                            = 1                                         {product} {ergonomic}
     uint G1ConcRefinementThreads                  = 2                                         {product} {ergonomic}
   size_t G1HeapRegionSize                         = 1048576                                   {product} {ergonomic}
    uintx GCDrainStackTargetSize                   = 64                                        {product} {ergonomic}
   size_t InitialHeapSize                          = 62914560                                  {product} {ergonomic}
   size_t MarkStackSize                            = 4194304                                   {product} {ergonomic}
   size_t MaxHeapSize                              = 1610612736                                {product} {command line}
   size_t MaxNewSize                               = 965738496                                 {product} {ergonomic}
   size_t MinHeapDeltaBytes                        = 1048576                                   {product} {ergonomic}
    uintx NonNMethodCodeHeapSize                   = 5824844                                {pd product} {ergonomic}
    uintx NonProfiledCodeHeapSize                  = 122916698                              {pd product} {ergonomic}
    uintx ProfiledCodeHeapSize                     = 122916698                              {pd product} {ergonomic}
    uintx ReservedCodeCacheSize                    = 251658240                              {pd product} {ergonomic}
     bool SegmentedCodeCache                       = true                                      {product} {ergonomic}
     bool UseCompressedClassPointers               = true                                 {lp64_product} {ergonomic}
     bool UseCompressedOops                        = true                                 {lp64_product} {ergonomic}
     bool UseG1GC                                  = true                                      {product} {ergonomic}

Logging:
Log output configuration:
 #0: stdout all=warning uptime,level,tags
 #1: stderr all=off uptime,level,tags

Environment Variables:
PATH=/usr/local/sbin:/usr/local/bin:/usr/bin:/usr/lib/jvm/default/bin:/usr/bin/site_perl:/usr/bin/vendor_perl:/usr/bin/core_perl
SHELL=/bin/bash
DISPLAY=:0

Signal Handlers:
SIGSEGV: [libjvm.so+0xdbf620], sa_mask[0]=11111111011111111101111111111110, sa_flags=SA_RESTART|SA_SIGINFO
SIGBUS: [libjvm.so+0xdbf620], sa_mask[0]=11111111011111111101111111111110, sa_flags=SA_RESTART|SA_SIGINFO
SIGFPE: [libjvm.so+0xdbf620], sa_mask[0]=11111111011111111101111111111110, sa_flags=SA_RESTART|SA_SIGINFO
SIGPIPE: [libjvm.so+0xbb5010], sa_mask[0]=11111111011111111101111111111110, sa_flags=SA_RESTART|SA_SIGINFO
SIGXFSZ: [libjvm.so+0xbb5010], sa_mask[0]=11111111011111111101111111111110, sa_flags=SA_RESTART|SA_SIGINFO
SIGILL: [libjvm.so+0xdbf620], sa_mask[0]=11111111011111111101111111111110, sa_flags=SA_RESTART|SA_SIGINFO
SIGUSR2: [libjvm.so+0xbb4e70], sa_mask[0]=00100000000000000000000000000000, sa_flags=SA_RESTART|SA_SIGINFO
SIGHUP: [libjvm.so+0xbb5480], sa_mask[0]=11111111011111111101111111111110, sa_flags=SA_RESTART|SA_SIGINFO
SIGINT: [libjvm.so+0xbb5480], sa_mask[0]=11111111011111111101111111111110, sa_flags=SA_RESTART|SA_SIGINFO
SIGTERM: [libjvm.so+0xbb5480], sa_mask[0]=11111111011111111101111111111110, sa_flags=SA_RESTART|SA_SIGINFO
SIGQUIT: [libjvm.so+0xbb5480], sa_mask[0]=11111111011111111101111111111110, sa_flags=SA_RESTART|SA_SIGINFO


---------------  S Y S T E M  ---------------

OS:DISTRIB_ID=ManjaroLinux
DISTRIB_RELEASE=18.0.4
DISTRIB_CODENAME=Illyria
DISTRIB_DESCRIPTION="Manjaro Linux"
uname:Linux 4.19.45-1-MANJARO #1 SMP PREEMPT Wed May 22 17:16:41 UTC 2019 x86_64
libc:glibc 2.29 NPTL 2.29 
rlimit: STACK 8192k, CORE infinity, NPROC 14717, NOFILE 1048576, AS infinity, DATA infinity, FSIZE infinity
load average:4,78 3,40 3,48

/proc/meminfo:
MemTotal:        3907580 kB
MemFree:          103528 kB
MemAvailable:      36880 kB
Buffers:             696 kB
Cached:           119740 kB
SwapCached:            0 kB
Active:          3232184 kB
Inactive:          93084 kB
Active(anon):    3206812 kB
Inactive(anon):    64528 kB
Active(file):      25372 kB
Inactive(file):    28556 kB
Unevictable:          32 kB
Mlocked:              32 kB
SwapTotal:             0 kB
SwapFree:              0 kB
Dirty:               260 kB
Writeback:             0 kB
AnonPages:       3205048 kB
Mapped:            95844 kB
Shmem:             66324 kB
Slab:             103872 kB
SReclaimable:      47900 kB
SUnreclaim:        55972 kB
KernelStack:        9408 kB
PageTables:        28336 kB
NFS_Unstable:          0 kB
Bounce:                0 kB
WritebackTmp:          0 kB
CommitLimit:     1953788 kB
Committed_AS:    6841096 kB
VmallocTotal:   34359738367 kB
VmallocUsed:           0 kB
VmallocChunk:          0 kB
Percpu:             1616 kB
HardwareCorrupted:     0 kB
AnonHugePages:         0 kB
ShmemHugePages:        0 kB
ShmemPmdMapped:        0 kB
HugePages_Total:       0
HugePages_Free:        0
HugePages_Rsvd:        0
HugePages_Surp:        0
Hugepagesize:       2048 kB
Hugetlb:               0 kB
DirectMap4k:      577908 kB
DirectMap2M:     3420160 kB
DirectMap1G:           0 kB


/proc/sys/kernel/threads-max (system-wide limit on the number of threads):
29435


/proc/sys/vm/max_map_count (maximum number of memory map areas a process may have):
65530


/proc/sys/kernel/pid_max (system-wide limit on number of process identifiers):
32768



container (cgroup) information:
container_type: cgroupv1
cpu_cpuset_cpus: 0-1
cpu_memory_nodes: 0
active_processor_count: 2
cpu_quota: -1
cpu_period: 100000
cpu_shares: -1
memory_limit_in_bytes: -1
memory_and_swap_limit_in_bytes: -1
memory_soft_limit_in_bytes: -1
memory_usage_in_bytes: 3302801408
memory_max_usage_in_bytes: 3307798528


CPU:total 2 (initial active 2) (2 cores per cpu, 1 threads per core) family 21 model 112 stepping 0, cmov, cx8, fxsr, mmx, sse, sse2, sse3, ssse3, sse4.1, sse4.2, popcnt, avx, avx2, aes, clmul, mmxext, 3dnowpref, lzcnt, sse4a, tsc, tscinvbit, tscinv, bmi1, bmi2, fma
CPU Model and flags from /proc/cpuinfo:
model name	: AMD E2-9000 RADEON R2, 4 COMPUTE CORES 2C+2G
flags		: fpu vme de pse tsc msr pae mce cx8 apic sep mtrr pge mca cmov pat pse36 clflush mmx fxsr sse sse2 ht syscall nx mmxext fxsr_opt pdpe1gb rdtscp lm constant_tsc rep_good acc_power nopl nonstop_tsc cpuid extd_apicid aperfmperf pni pclmulqdq monitor ssse3 fma cx16 sse4_1 sse4_2 movbe popcnt aes xsave avx f16c rdrand lahf_lm cmp_legacy svm extapic cr8_legacy abm sse4a misalignsse 3dnowprefetch osvw ibs xop skinit wdt lwp fma4 tce nodeid_msr tbm perfctr_core perfctr_nb bpext ptsc mwaitx cpb hw_pstate ssbd vmmcall fsgsbase bmi1 avx2 smep bmi2 xsaveopt arat npt lbrv svm_lock nrip_save tsc_scale vmcb_clean flushbyasid decodeassists pausefilter pfthreshold avic v_vmsave_vmload vgif overflow_recov

Memory: 4k page, physical 3907580k(103292k free), swap 0k(0k free)

vm_info: OpenJDK 64-Bit Server VM (11.0.3+7) for linux-amd64 JRE (11.0.3+7), built on May 20 2019 21:57:45 by "builder" with gcc 8.3.0

END.
