#
# There is insufficient memory for the Java Runtime Environment to continue.
# Native memory allocation (mmap) failed to map 135266304 bytes for committing reserved memory.
# Possible reasons:
#   The system is out of physical RAM or swap space
#   The process is running with CompressedOops enabled, and the Java Heap may be blocking the growth of the native heap
# Possible solutions:
#   Reduce memory load on the system
#   Increase physical memory or swap space
#   Check if swap backing store is full
#   Decrease Java heap size (-Xmx/-Xms)
#   Decrease number of Java threads
#   Decrease Java thread stack sizes (-Xss)
#   Set larger code cache with -XX:ReservedCodeCacheSize=
#   JVM is running with Unscaled Compressed Oops mode in which the Java heap is
#     placed in the first 4GB address space. The Java Heap base address is the
#     maximum limit for the native heap growth. Please use -XX:HeapBaseMinAddress
#     to set the Java Heap base and to place the Java Heap above 4GB virtual address.
# This output file may be truncated or incomplete.
#
#  Out of Memory Error (os_linux.cpp:2718), pid=4881, tid=4891
#
# JRE version: OpenJDK Runtime Environment (11.0.3+7) (build 11.0.3+7)
# Java VM: OpenJDK 64-Bit Server VM (11.0.3+7, mixed mode, tiered, compressed oops, g1 gc, linux-amd64)
# Core dump will be written. Default location: Core dumps may be processed with "/usr/lib/systemd/systemd-coredump %P %u %g %s %t %c %h %e" (or dumping to /home/cherkasik/IntelliJIDEAProjects/ValuteConverter/core.4881)
#

---------------  S U M M A R Y ------------

Command Line: -Xmx1536m -Dfile.encoding=UTF-8 -Duser.country=RU -Duser.language=ru -Duser.variant org.gradle.launcher.daemon.bootstrap.GradleDaemon 4.9

Host: AMD E2-9000 RADEON R2, 4 COMPUTE CORES 2C+2G, 2 cores, 3G, Manjaro Linux
Time: Tue Jun 11 14:45:31 2019 MSK elapsed time: 82 seconds (0d 0h 1m 22s)

---------------  T H R E A D  ---------------

Current thread (0x00007ff71c0eb800):  VMThread "VM Thread" [stack: 0x00007ff720267000,0x00007ff720367000] [id=4891]

Stack: [0x00007ff720267000,0x00007ff720367000],  sp=0x00007ff720364f80,  free space=1015k
Native frames: (J=compiled Java code, A=aot compiled Java code, j=interpreted, Vv=VM code, C=native code)
V  [libjvm.so+0xdbdbe8]
V  [libjvm.so+0xdbe8eb]
V  [libjvm.so+0x673a4a]
V  [libjvm.so+0xbb9b04]
V  [libjvm.so+0xbb065d]
V  [libjvm.so+0x791e0d]
V  [libjvm.so+0x7921fe]
V  [libjvm.so+0x79b727]
V  [libjvm.so+0x816f54]
V  [libjvm.so+0x817b80]
V  [libjvm.so+0x817fa7]
V  [libjvm.so+0x74e33a]
V  [libjvm.so+0x753029]
V  [libjvm.so+0xdc9a76]
V  [libjvm.so+0xdc860c]
V  [libjvm.so+0xdc5bd9]
V  [libjvm.so+0xdc629f]
V  [libjvm.so+0xdc6528]
V  [libjvm.so+0xd5bd57]
V  [libjvm.so+0xbbeaa1]

VM_Operation (0x00007ff6f5df6e60): G1CollectForAllocation, mode: safepoint, requested by thread 0x00007ff6cc390800


---------------  P R O C E S S  ---------------

Threads class SMR info:
_java_thread_list=0x00007ff6e8003850, length=26, elements={
0x00007ff71c011800, 0x00007ff71c0f3800, 0x00007ff71c0f7800, 0x00007ff71c10a000,
0x00007ff71c10c000, 0x00007ff71c10e000, 0x00007ff71c110000, 0x00007ff71c16e000,
0x00007ff71c182000, 0x00007ff71d048000, 0x00007ff71cfa7000, 0x00007ff6c401b800,
0x00007ff6cc165800, 0x00007ff6cc38f800, 0x00007ff6cc390800, 0x00007ff6e000b000,
0x00007ff6e0159000, 0x00007ff6e0162000, 0x00007ff6e0223800, 0x00007ff6ec005800,
0x00007ff6e06e4000, 0x00007ff6e0710000, 0x00007ff6e019b000, 0x00007ff6e0c2c800,
0x00007ff6e0c8e000, 0x00007ff6e15c8800
}

Java Threads: ( => current thread )
  0x00007ff71c011800 JavaThread "main" [_thread_blocked, id=4885, stack(0x00007ff722138000,0x00007ff722239000)]
  0x00007ff71c0f3800 JavaThread "Reference Handler" daemon [_thread_blocked, id=4892, stack(0x00007ff720164000,0x00007ff720265000)]
  0x00007ff71c0f7800 JavaThread "Finalizer" daemon [_thread_blocked, id=4893, stack(0x00007ff720063000,0x00007ff720164000)]
  0x00007ff71c10a000 JavaThread "Signal Dispatcher" daemon [_thread_blocked, id=4894, stack(0x00007ff704590000,0x00007ff704691000)]
  0x00007ff71c10c000 JavaThread "C2 CompilerThread0" daemon [_thread_blocked, id=4895, stack(0x00007ff70448f000,0x00007ff704590000)]
  0x00007ff71c10e000 JavaThread "C1 CompilerThread0" daemon [_thread_blocked, id=4896, stack(0x00007ff70438e000,0x00007ff70448f000)]
  0x00007ff71c110000 JavaThread "Sweeper thread" daemon [_thread_blocked, id=4897, stack(0x00007ff70428d000,0x00007ff70438e000)]
  0x00007ff71c16e000 JavaThread "Service Thread" daemon [_thread_blocked, id=4898, stack(0x00007ff70418c000,0x00007ff70428d000)]
  0x00007ff71c182000 JavaThread "Common-Cleaner" daemon [_thread_blocked, id=4900, stack(0x00007ff6fceff000,0x00007ff6fd000000)]
  0x00007ff71d048000 JavaThread "Incoming local TCP Connector on port 44913" [_thread_in_native, id=4918, stack(0x00007ff6fc4f0000,0x00007ff6fc5f1000)]
  0x00007ff71cfa7000 JavaThread "Daemon periodic checks" [_thread_blocked, id=4921, stack(0x00007ff6fc3ef000,0x00007ff6fc4f0000)]
  0x00007ff6c401b800 JavaThread "Daemon" [_thread_blocked, id=4922, stack(0x00007ff6fc2ee000,0x00007ff6fc3ef000)]
  0x00007ff6cc165800 JavaThread "Handler for socket connection from /127.0.0.1:44913 to /127.0.0.1:47934" [_thread_in_native, id=4923, stack(0x00007ff6fc1ed000,0x00007ff6fc2ee000)]
  0x00007ff6cc38f800 JavaThread "Cancel handler" [_thread_blocked, id=4924, stack(0x00007ff6fc0ec000,0x00007ff6fc1ed000)]
  0x00007ff6cc390800 JavaThread "Daemon worker" [_thread_blocked, id=4925, stack(0x00007ff6f5cff000,0x00007ff6f5e00000)]
  0x00007ff6e000b000 JavaThread "Asynchronous log dispatcher for DefaultDaemonConnection: socket connection from /127.0.0.1:44913 to /127.0.0.1:47934" [_thread_blocked, id=4928, stack(0x00007ff6f5bfe000,0x00007ff6f5cff000)]
  0x00007ff6e0159000 JavaThread "Cache worker for file hash cache (/home/cherkasik/.gradle/caches/4.9/fileHashes)" [_thread_blocked, id=4931, stack(0x00007ff6f57fc000,0x00007ff6f58fd000)]
  0x00007ff6e0162000 JavaThread "File lock request listener" [_thread_in_native, id=4932, stack(0x00007ff6f56fb000,0x00007ff6f57fc000)]
  0x00007ff6e0223800 JavaThread "Cache worker for file hash cache (/home/cherkasik/IntelliJIDEAProjects/ValuteConverter/.gradle/4.9/fileHashes)" [_thread_blocked, id=4934, stack(0x00007ff6f55fa000,0x00007ff6f56fb000)]
  0x00007ff6ec005800 JavaThread "File lock release action executor" [_thread_blocked, id=4935, stack(0x00007ff6f54f9000,0x00007ff6f55fa000)]
  0x00007ff6e06e4000 JavaThread "Cache worker for cache directory md-supplier (/home/cherkasik/.gradle/caches/4.9/md-supplier)" [_thread_blocked, id=4942, stack(0x00007ff6f49f8000,0x00007ff6f4af9000)]
  0x00007ff6e0710000 JavaThread "Cache worker for cache directory md-rule (/home/cherkasik/.gradle/caches/4.9/md-rule)" [_thread_blocked, id=4943, stack(0x00007ff6f463a000,0x00007ff6f473b000)]
  0x00007ff6e019b000 JavaThread "Cache worker for Artifact transforms cache (/home/cherkasik/.gradle/caches/transforms-1)" [_thread_blocked, id=4944, stack(0x00007ff6f4539000,0x00007ff6f463a000)]
  0x00007ff6e0c2c800 JavaThread "Build operations" [_thread_blocked, id=4948, stack(0x00007ff6f4038000,0x00007ff6f4139000)]
  0x00007ff6e0c8e000 JavaThread "Build operations Thread 2" [_thread_blocked, id=4949, stack(0x00007ff6c3cff000,0x00007ff6c3e00000)]
  0x00007ff6e15c8800 JavaThread "Memory manager" [_thread_blocked, id=4957, stack(0x00007ff6c23fe000,0x00007ff6c24ff000)]

Other Threads:
=>0x00007ff71c0eb800 VMThread "VM Thread" [stack: 0x00007ff720267000,0x00007ff720367000] [id=4891]
  0x00007ff71c170800 WatcherThread [stack: 0x00007ff70408c000,0x00007ff70418c000] [id=4899]
  0x00007ff71c027000 GCTaskThread "GC Thread#0" [stack: 0x00007ff721def000,0x00007ff721eef000] [id=4886]
  0x00007ff6e8001000 GCTaskThread "GC Thread#1" [stack: 0x00007ff6fcdff000,0x00007ff6fceff000] [id=4905]
  0x00007ff71c04e000 ConcurrentGCThread "G1 Main Marker" [stack: 0x00007ff7211b7000,0x00007ff7212b7000] [id=4887]
  0x00007ff71c050000 ConcurrentGCThread "G1 Conc#0" [stack: 0x00007ff7210b5000,0x00007ff7211b5000] [id=4888]
  0x00007ff71c08a800 ConcurrentGCThread "G1 Refine#0" [stack: 0x00007ff720db1000,0x00007ff720eb1000] [id=4889]
  0x00007ff71c08c800 ConcurrentGCThread "G1 Young RemSet Sampling" [stack: 0x00007ff720caf000,0x00007ff720daf000] [id=4890]

Threads with active compile tasks:
C2 CompilerThread07088       4       groovy.lang.MetaClassImpl$1MOPIter::methodNameAction (479 bytes)

VM state:at safepoint (normal execution)

VM Mutex/Monitor currently owned by a thread:  ([mutex/lock_event])
[0x00007ff71c00e3c0] Threads_lock - owner thread: 0x00007ff71c0eb800
[0x00007ff71c00eb10] Heap_lock - owner thread: 0x00007ff6cc390800

Heap address: 0x00000000a0000000, size: 1536 MB, Compressed Oops mode: 32-bit
Narrow klass base: 0x0000000000000000, Narrow klass shift: 3
Compressed class space size: 1073741824 Address: 0x0000000100000000

Heap:
 garbage-first heap   total 264192K, used 66445K [0x00000000a0000000, 0x0000000100000000)
  region size 1024K, 1 young (1024K), 1 survivors (1024K)
 Metaspace       used 73345K, capacity 75071K, committed 75428K, reserved 1114112K
  class space    used 9421K, capacity 9942K, committed 9980K, reserved 1048576K
Heap Regions: E=young(eden), S=young(survivor), O=old, HS=humongous(starts), HC=humongous(continues), CS=collection set, F=free, A=archive, TAMS=top-at-mark-start (previous, next)
|   0|0x00000000a0000000, 0x00000000a0100000, 0x00000000a0100000|100%|HS|  |TAMS 0x00000000a0100000, 0x00000000a0000000| Complete 
|   1|0x00000000a0100000, 0x00000000a0200000, 0x00000000a0200000|100%|HC|  |TAMS 0x00000000a0200000, 0x00000000a0100000| Complete 
|   2|0x00000000a0200000, 0x00000000a0300000, 0x00000000a0300000|100%| O|  |TAMS 0x00000000a0300000, 0x00000000a0200000| Untracked 
|   3|0x00000000a0300000, 0x00000000a0400000, 0x00000000a0400000|100%| O|  |TAMS 0x00000000a0400000, 0x00000000a0300000| Untracked 
|   4|0x00000000a0400000, 0x00000000a0500000, 0x00000000a0500000|100%| O|  |TAMS 0x00000000a0500000, 0x00000000a0400000| Untracked 
|   5|0x00000000a0500000, 0x00000000a0600000, 0x00000000a0600000|100%| O|  |TAMS 0x00000000a0600000, 0x00000000a0500000| Untracked 
|   6|0x00000000a0600000, 0x00000000a0700000, 0x00000000a0700000|100%| O|  |TAMS 0x00000000a0700000, 0x00000000a0600000| Untracked 
|   7|0x00000000a0700000, 0x00000000a0800000, 0x00000000a0800000|100%| O|  |TAMS 0x00000000a0800000, 0x00000000a0700000| Untracked 
|   8|0x00000000a0800000, 0x00000000a0900000, 0x00000000a0900000|100%| O|  |TAMS 0x00000000a0900000, 0x00000000a0800000| Untracked 
|   9|0x00000000a0900000, 0x00000000a0a00000, 0x00000000a0a00000|100%| O|  |TAMS 0x00000000a0a00000, 0x00000000a0900000| Untracked 
|  10|0x00000000a0a00000, 0x00000000a0b00000, 0x00000000a0b00000|100%| O|  |TAMS 0x00000000a0b00000, 0x00000000a0a00000| Untracked 
|  11|0x00000000a0b00000, 0x00000000a0c00000, 0x00000000a0c00000|100%| O|  |TAMS 0x00000000a0c00000, 0x00000000a0b00000| Untracked 
|  12|0x00000000a0c00000, 0x00000000a0d00000, 0x00000000a0d00000|100%|HS|  |TAMS 0x00000000a0d00000, 0x00000000a0c00000| Complete 
|  13|0x00000000a0d00000, 0x00000000a0e00000, 0x00000000a0e00000|100%|HC|  |TAMS 0x00000000a0e00000, 0x00000000a0d00000| Complete 
|  14|0x00000000a0e00000, 0x00000000a0f00000, 0x00000000a0f00000|100%|HS|  |TAMS 0x00000000a0f00000, 0x00000000a0e00000| Complete 
|  15|0x00000000a0f00000, 0x00000000a1000000, 0x00000000a1000000|100%|HC|  |TAMS 0x00000000a1000000, 0x00000000a0f00000| Complete 
|  16|0x00000000a1000000, 0x00000000a1100000, 0x00000000a1100000|100%|HC|  |TAMS 0x00000000a1100000, 0x00000000a1000000| Complete 
|  17|0x00000000a1100000, 0x00000000a1200000, 0x00000000a1200000|100%|HS|  |TAMS 0x00000000a1200000, 0x00000000a1100000| Complete 
|  18|0x00000000a1200000, 0x00000000a1300000, 0x00000000a1300000|100%|HC|  |TAMS 0x00000000a1300000, 0x00000000a1200000| Complete 
|  19|0x00000000a1300000, 0x00000000a1400000, 0x00000000a1400000|100%|HC|  |TAMS 0x00000000a1400000, 0x00000000a1300000| Complete 
|  20|0x00000000a1400000, 0x00000000a1500000, 0x00000000a1500000|100%| O|  |TAMS 0x00000000a1500000, 0x00000000a1400000| Untracked 
|  21|0x00000000a1500000, 0x00000000a1600000, 0x00000000a1600000|100%| O|  |TAMS 0x00000000a1600000, 0x00000000a1500000| Untracked 
|  22|0x00000000a1600000, 0x00000000a1700000, 0x00000000a1700000|100%| O|  |TAMS 0x00000000a1700000, 0x00000000a1600000| Untracked 
|  23|0x00000000a1700000, 0x00000000a1800000, 0x00000000a1800000|100%| O|  |TAMS 0x00000000a1800000, 0x00000000a1700000| Untracked 
|  24|0x00000000a1800000, 0x00000000a1900000, 0x00000000a1900000|100%| O|  |TAMS 0x00000000a1900000, 0x00000000a1800000| Untracked 
|  25|0x00000000a1900000, 0x00000000a1a00000, 0x00000000a1a00000|100%| O|  |TAMS 0x00000000a1a00000, 0x00000000a1900000| Untracked 
|  26|0x00000000a1a00000, 0x00000000a1b00000, 0x00000000a1b00000|100%| O|  |TAMS 0x00000000a1b00000, 0x00000000a1a00000| Untracked 
|  27|0x00000000a1b00000, 0x00000000a1c00000, 0x00000000a1c00000|100%| O|  |TAMS 0x00000000a1c00000, 0x00000000a1b00000| Untracked 
|  28|0x00000000a1c00000, 0x00000000a1d00000, 0x00000000a1d00000|100%| O|  |TAMS 0x00000000a1d00000, 0x00000000a1c00000| Untracked 
|  29|0x00000000a1d00000, 0x00000000a1e00000, 0x00000000a1e00000|100%| O|  |TAMS 0x00000000a1e00000, 0x00000000a1d00000| Untracked 
|  30|0x00000000a1e00000, 0x00000000a1f00000, 0x00000000a1f00000|100%|HS|  |TAMS 0x00000000a1f00000, 0x00000000a1e00000| Complete 
|  31|0x00000000a1f00000, 0x00000000a2000000, 0x00000000a2000000|100%|HC|  |TAMS 0x00000000a2000000, 0x00000000a1f00000| Complete 
|  32|0x00000000a2000000, 0x00000000a2100000, 0x00000000a2100000|100%|HC|  |TAMS 0x00000000a2100000, 0x00000000a2000000| Complete 
|  33|0x00000000a2100000, 0x00000000a2200000, 0x00000000a2200000|100%|HS|  |TAMS 0x00000000a2200000, 0x00000000a2100000| Complete 
|  34|0x00000000a2200000, 0x00000000a2300000, 0x00000000a2300000|100%|HC|  |TAMS 0x00000000a2300000, 0x00000000a2200000| Complete 
|  35|0x00000000a2300000, 0x00000000a2400000, 0x00000000a2400000|100%| O|  |TAMS 0x00000000a2400000, 0x00000000a2300000| Untracked 
|  36|0x00000000a2400000, 0x00000000a2500000, 0x00000000a2500000|100%| O|  |TAMS 0x00000000a2500000, 0x00000000a2400000| Untracked 
|  37|0x00000000a2500000, 0x00000000a2600000, 0x00000000a2600000|100%| O|  |TAMS 0x00000000a2600000, 0x00000000a2500000| Untracked 
|  38|0x00000000a2600000, 0x00000000a2700000, 0x00000000a2700000|100%| O|  |TAMS 0x00000000a2700000, 0x00000000a2600000| Untracked 
|  39|0x00000000a2700000, 0x00000000a2800000, 0x00000000a2800000|100%| O|  |TAMS 0x00000000a2800000, 0x00000000a2700000| Untracked 
|  40|0x00000000a2800000, 0x00000000a2900000, 0x00000000a2900000|100%| O|  |TAMS 0x00000000a2900000, 0x00000000a2800000| Untracked 
|  41|0x00000000a2900000, 0x00000000a2a00000, 0x00000000a2a00000|100%| O|  |TAMS 0x00000000a2a00000, 0x00000000a2900000| Untracked 
|  42|0x00000000a2a00000, 0x00000000a2b00000, 0x00000000a2b00000|100%| O|  |TAMS 0x00000000a2b00000, 0x00000000a2a00000| Untracked 
|  43|0x00000000a2b00000, 0x00000000a2c00000, 0x00000000a2c00000|100%| O|  |TAMS 0x00000000a2c00000, 0x00000000a2b00000| Untracked 
|  44|0x00000000a2c00000, 0x00000000a2d00000, 0x00000000a2d00000|100%| O|  |TAMS 0x00000000a2d00000, 0x00000000a2c00000| Untracked 
|  45|0x00000000a2d00000, 0x00000000a2e00000, 0x00000000a2e00000|100%| O|  |TAMS 0x00000000a2e00000, 0x00000000a2d00000| Untracked 
|  46|0x00000000a2e00000, 0x00000000a2f00000, 0x00000000a2f00000|100%| O|  |TAMS 0x00000000a2f00000, 0x00000000a2e00000| Untracked 
|  47|0x00000000a2f00000, 0x00000000a3000000, 0x00000000a3000000|100%| O|  |TAMS 0x00000000a3000000, 0x00000000a2f00000| Untracked 
|  48|0x00000000a3000000, 0x00000000a3100000, 0x00000000a3100000|100%| O|  |TAMS 0x00000000a3100000, 0x00000000a3000000| Untracked 
|  49|0x00000000a3100000, 0x00000000a3200000, 0x00000000a3200000|100%| O|  |TAMS 0x00000000a3200000, 0x00000000a3100000| Untracked 
|  50|0x00000000a3200000, 0x00000000a3300000, 0x00000000a3300000|100%| O|  |TAMS 0x00000000a3300000, 0x00000000a3200000| Untracked 
|  51|0x00000000a3300000, 0x00000000a3400000, 0x00000000a3400000|100%| O|  |TAMS 0x00000000a3351800, 0x00000000a3300000| Untracked 
|  52|0x00000000a3400000, 0x00000000a3500000, 0x00000000a3500000|100%| O|  |TAMS 0x00000000a3400000, 0x00000000a3400000| Untracked 
|  53|0x00000000a3500000, 0x00000000a3600000, 0x00000000a3600000|100%| O|  |TAMS 0x00000000a3500000, 0x00000000a3500000| Untracked 
|  54|0x00000000a3600000, 0x00000000a3700000, 0x00000000a3700000|100%| O|  |TAMS 0x00000000a3600000, 0x00000000a3600000| Untracked 
|  55|0x00000000a3700000, 0x00000000a3800000, 0x00000000a3800000|100%| O|  |TAMS 0x00000000a3700000, 0x00000000a3700000| Untracked 
|  56|0x00000000a3800000, 0x00000000a3900000, 0x00000000a3900000|100%| O|  |TAMS 0x00000000a3800000, 0x00000000a3800000| Untracked 
|  57|0x00000000a3900000, 0x00000000a3a00000, 0x00000000a3a00000|100%| O|  |TAMS 0x00000000a3900000, 0x00000000a3900000| Untracked 
|  58|0x00000000a3a00000, 0x00000000a3b00000, 0x00000000a3b00000|100%| O|  |TAMS 0x00000000a3a00000, 0x00000000a3a00000| Untracked 
|  59|0x00000000a3b00000, 0x00000000a3c00000, 0x00000000a3c00000|100%| O|  |TAMS 0x00000000a3b00000, 0x00000000a3b00000| Untracked 
|  60|0x00000000a3c00000, 0x00000000a3d00000, 0x00000000a3d00000|100%| O|  |TAMS 0x00000000a3c00000, 0x00000000a3c00000| Untracked 
|  61|0x00000000a3d00000, 0x00000000a3e00000, 0x00000000a3e00000|100%| O|  |TAMS 0x00000000a3d00000, 0x00000000a3d00000| Untracked 
|  62|0x00000000a3e00000, 0x00000000a3f00000, 0x00000000a3f00000|100%| O|  |TAMS 0x00000000a3e00000, 0x00000000a3e00000| Untracked 
|  63|0x00000000a3f00000, 0x00000000a3fe3400, 0x00000000a4000000| 88%| O|  |TAMS 0x00000000a3f00000, 0x00000000a3f00000| Untracked 
|  64|0x00000000a4000000, 0x00000000a4000000, 0x00000000a4100000|  0%| F|  |TAMS 0x00000000a4000000, 0x00000000a4000000| Untracked 
|  65|0x00000000a4100000, 0x00000000a4100000, 0x00000000a4200000|  0%| F|  |TAMS 0x00000000a4100000, 0x00000000a4100000| Untracked 
|  66|0x00000000a4200000, 0x00000000a4200000, 0x00000000a4300000|  0%| F|  |TAMS 0x00000000a4200000, 0x00000000a4200000| Untracked 
|  67|0x00000000a4300000, 0x00000000a4300000, 0x00000000a4400000|  0%| F|  |TAMS 0x00000000a4300000, 0x00000000a4300000| Untracked 
|  68|0x00000000a4400000, 0x00000000a4400000, 0x00000000a4500000|  0%| F|  |TAMS 0x00000000a4400000, 0x00000000a4400000| Untracked 
|  69|0x00000000a4500000, 0x00000000a4500000, 0x00000000a4600000|  0%| F|  |TAMS 0x00000000a4500000, 0x00000000a4500000| Untracked 
|  70|0x00000000a4600000, 0x00000000a4600000, 0x00000000a4700000|  0%| F|  |TAMS 0x00000000a4600000, 0x00000000a4600000| Untracked 
|  71|0x00000000a4700000, 0x00000000a4700000, 0x00000000a4800000|  0%| F|  |TAMS 0x00000000a4700000, 0x00000000a4700000| Untracked 
|  72|0x00000000a4800000, 0x00000000a4800000, 0x00000000a4900000|  0%| F|  |TAMS 0x00000000a4800000, 0x00000000a4800000| Untracked 
|  73|0x00000000a4900000, 0x00000000a4900000, 0x00000000a4a00000|  0%| F|  |TAMS 0x00000000a4900000, 0x00000000a4900000| Untracked 
|  74|0x00000000a4a00000, 0x00000000a4a00000, 0x00000000a4b00000|  0%| F|  |TAMS 0x00000000a4a00000, 0x00000000a4a00000| Untracked 
|  75|0x00000000a4b00000, 0x00000000a4b00000, 0x00000000a4c00000|  0%| F|  |TAMS 0x00000000a4b00000, 0x00000000a4b00000| Untracked 
|  76|0x00000000a4c00000, 0x00000000a4c00000, 0x00000000a4d00000|  0%| F|  |TAMS 0x00000000a4c00000, 0x00000000a4c00000| Untracked 
|  77|0x00000000a4d00000, 0x00000000a4d00000, 0x00000000a4e00000|  0%| F|  |TAMS 0x00000000a4d00000, 0x00000000a4d00000| Untracked 
|  78|0x00000000a4e00000, 0x00000000a4e00000, 0x00000000a4f00000|  0%| F|  |TAMS 0x00000000a4e00000, 0x00000000a4e00000| Untracked 
|  79|0x00000000a4f00000, 0x00000000a4f00000, 0x00000000a5000000|  0%| F|  |TAMS 0x00000000a4f00000, 0x00000000a4f00000| Untracked 
|  80|0x00000000a5000000, 0x00000000a5000000, 0x00000000a5100000|  0%| F|  |TAMS 0x00000000a5000000, 0x00000000a5000000| Untracked 
|  81|0x00000000a5100000, 0x00000000a5100000, 0x00000000a5200000|  0%| F|  |TAMS 0x00000000a5100000, 0x00000000a5100000| Untracked 
|  82|0x00000000a5200000, 0x00000000a5200000, 0x00000000a5300000|  0%| F|  |TAMS 0x00000000a5200000, 0x00000000a5200000| Untracked 
|  83|0x00000000a5300000, 0x00000000a5300000, 0x00000000a5400000|  0%| F|  |TAMS 0x00000000a5300000, 0x00000000a5300000| Untracked 
|  84|0x00000000a5400000, 0x00000000a5400000, 0x00000000a5500000|  0%| F|  |TAMS 0x00000000a5400000, 0x00000000a5400000| Untracked 
|  85|0x00000000a5500000, 0x00000000a5500000, 0x00000000a5600000|  0%| F|  |TAMS 0x00000000a5500000, 0x00000000a5500000| Untracked 
|  86|0x00000000a5600000, 0x00000000a5600000, 0x00000000a5700000|  0%| F|  |TAMS 0x00000000a5600000, 0x00000000a5600000| Untracked 
|  87|0x00000000a5700000, 0x00000000a5700000, 0x00000000a5800000|  0%| F|  |TAMS 0x00000000a5700000, 0x00000000a5700000| Untracked 
|  88|0x00000000a5800000, 0x00000000a5800000, 0x00000000a5900000|  0%| F|  |TAMS 0x00000000a5800000, 0x00000000a5800000| Untracked 
|  89|0x00000000a5900000, 0x00000000a5900000, 0x00000000a5a00000|  0%| F|  |TAMS 0x00000000a5900000, 0x00000000a5900000| Untracked 
|  90|0x00000000a5a00000, 0x00000000a5a00000, 0x00000000a5b00000|  0%| F|  |TAMS 0x00000000a5a00000, 0x00000000a5a00000| Untracked 
|  91|0x00000000a5b00000, 0x00000000a5b00000, 0x00000000a5c00000|  0%| F|  |TAMS 0x00000000a5b00000, 0x00000000a5b00000| Untracked 
|  92|0x00000000a5c00000, 0x00000000a5c00000, 0x00000000a5d00000|  0%| F|  |TAMS 0x00000000a5c00000, 0x00000000a5c00000| Untracked 
|  93|0x00000000a5d00000, 0x00000000a5d00000, 0x00000000a5e00000|  0%| F|  |TAMS 0x00000000a5d00000, 0x00000000a5d00000| Untracked 
|  94|0x00000000a5e00000, 0x00000000a5e00000, 0x00000000a5f00000|  0%| F|  |TAMS 0x00000000a5e00000, 0x00000000a5e00000| Untracked 
|  95|0x00000000a5f00000, 0x00000000a5f00000, 0x00000000a6000000|  0%| F|  |TAMS 0x00000000a5f00000, 0x00000000a5f00000| Untracked 
|  96|0x00000000a6000000, 0x00000000a6000000, 0x00000000a6100000|  0%| F|  |TAMS 0x00000000a6000000, 0x00000000a6000000| Untracked 
|  97|0x00000000a6100000, 0x00000000a6100000, 0x00000000a6200000|  0%| F|  |TAMS 0x00000000a6100000, 0x00000000a6100000| Untracked 
|  98|0x00000000a6200000, 0x00000000a6200000, 0x00000000a6300000|  0%| F|  |TAMS 0x00000000a6200000, 0x00000000a6200000| Untracked 
|  99|0x00000000a6300000, 0x00000000a6300000, 0x00000000a6400000|  0%| F|  |TAMS 0x00000000a6300000, 0x00000000a6300000| Untracked 
| 100|0x00000000a6400000, 0x00000000a6400000, 0x00000000a6500000|  0%| F|  |TAMS 0x00000000a6400000, 0x00000000a6400000| Untracked 
| 101|0x00000000a6500000, 0x00000000a6500000, 0x00000000a6600000|  0%| F|  |TAMS 0x00000000a6500000, 0x00000000a6500000| Untracked 
| 102|0x00000000a6600000, 0x00000000a6600000, 0x00000000a6700000|  0%| F|  |TAMS 0x00000000a6600000, 0x00000000a6600000| Untracked 
| 103|0x00000000a6700000, 0x00000000a6700000, 0x00000000a6800000|  0%| F|  |TAMS 0x00000000a6700000, 0x00000000a6700000| Untracked 
| 104|0x00000000a6800000, 0x00000000a6800000, 0x00000000a6900000|  0%| F|  |TAMS 0x00000000a6800000, 0x00000000a6800000| Untracked 
| 105|0x00000000a6900000, 0x00000000a6900000, 0x00000000a6a00000|  0%| F|  |TAMS 0x00000000a6900000, 0x00000000a6900000| Untracked 
| 106|0x00000000a6a00000, 0x00000000a6a00000, 0x00000000a6b00000|  0%| F|  |TAMS 0x00000000a6a00000, 0x00000000a6a00000| Untracked 
| 107|0x00000000a6b00000, 0x00000000a6b00000, 0x00000000a6c00000|  0%| F|  |TAMS 0x00000000a6b00000, 0x00000000a6b00000| Untracked 
| 108|0x00000000a6c00000, 0x00000000a6c00000, 0x00000000a6d00000|  0%| F|  |TAMS 0x00000000a6c00000, 0x00000000a6c00000| Untracked 
| 109|0x00000000a6d00000, 0x00000000a6d00000, 0x00000000a6e00000|  0%| F|  |TAMS 0x00000000a6d00000, 0x00000000a6d00000| Untracked 
| 110|0x00000000a6e00000, 0x00000000a6e00000, 0x00000000a6f00000|  0%| F|  |TAMS 0x00000000a6e00000, 0x00000000a6e00000| Untracked 
| 111|0x00000000a6f00000, 0x00000000a6f00000, 0x00000000a7000000|  0%| F|  |TAMS 0x00000000a6f00000, 0x00000000a6f00000| Untracked 
| 112|0x00000000a7000000, 0x00000000a7000000, 0x00000000a7100000|  0%| F|  |TAMS 0x00000000a7000000, 0x00000000a7000000| Untracked 
| 113|0x00000000a7100000, 0x00000000a7100000, 0x00000000a7200000|  0%| F|  |TAMS 0x00000000a7100000, 0x00000000a7100000| Untracked 
| 114|0x00000000a7200000, 0x00000000a7200000, 0x00000000a7300000|  0%| F|  |TAMS 0x00000000a7200000, 0x00000000a7200000| Untracked 
| 115|0x00000000a7300000, 0x00000000a7300000, 0x00000000a7400000|  0%| F|  |TAMS 0x00000000a7300000, 0x00000000a7300000| Untracked 
| 116|0x00000000a7400000, 0x00000000a7400000, 0x00000000a7500000|  0%| F|  |TAMS 0x00000000a7400000, 0x00000000a7400000| Untracked 
| 117|0x00000000a7500000, 0x00000000a7500000, 0x00000000a7600000|  0%| F|  |TAMS 0x00000000a7500000, 0x00000000a7500000| Untracked 
| 118|0x00000000a7600000, 0x00000000a7600000, 0x00000000a7700000|  0%| F|  |TAMS 0x00000000a7600000, 0x00000000a7600000| Untracked 
| 119|0x00000000a7700000, 0x00000000a7700000, 0x00000000a7800000|  0%| F|  |TAMS 0x00000000a7700000, 0x00000000a7700000| Untracked 
| 120|0x00000000a7800000, 0x00000000a7800000, 0x00000000a7900000|  0%| F|  |TAMS 0x00000000a7800000, 0x00000000a7800000| Untracked 
| 121|0x00000000a7900000, 0x00000000a7900000, 0x00000000a7a00000|  0%| F|  |TAMS 0x00000000a7900000, 0x00000000a7900000| Untracked 
| 122|0x00000000a7a00000, 0x00000000a7a00000, 0x00000000a7b00000|  0%| F|  |TAMS 0x00000000a7a00000, 0x00000000a7a00000| Untracked 
| 123|0x00000000a7b00000, 0x00000000a7b00000, 0x00000000a7c00000|  0%| F|  |TAMS 0x00000000a7b00000, 0x00000000a7b00000| Untracked 
| 124|0x00000000a7c00000, 0x00000000a7c00000, 0x00000000a7d00000|  0%| F|  |TAMS 0x00000000a7c00000, 0x00000000a7c00000| Untracked 
| 125|0x00000000a7d00000, 0x00000000a7d00000, 0x00000000a7e00000|  0%| F|  |TAMS 0x00000000a7d00000, 0x00000000a7d00000| Untracked 
| 126|0x00000000a7e00000, 0x00000000a7e00000, 0x00000000a7f00000|  0%| F|  |TAMS 0x00000000a7e00000, 0x00000000a7e00000| Untracked 
| 127|0x00000000a7f00000, 0x00000000a8000000, 0x00000000a8000000|100%| S|CS|TAMS 0x00000000a7f00000, 0x00000000a7f00000| Complete 
| 128|0x00000000a8000000, 0x00000000a8000000, 0x00000000a8100000|  0%| F|  |TAMS 0x00000000a8000000, 0x00000000a8000000| Untracked 

Card table byte_map: [0x00007ff7215eb000,0x00007ff7218eb000] _byte_map_base: 0x00007ff7210eb000

Marking Bits (Prev, Next): (CMBitMap*) 0x00007ff71c0472c8, (CMBitMap*) 0x00007ff71c047300
 Prev Bits: [0x00007ff6fe800000, 0x00007ff700000000)
 Next Bits: [0x00007ff6fd000000, 0x00007ff6fe800000)

Polling page: 0x00007ff723b4f000

Metaspace:

Usage:
  Non-class:     63,60 MB capacity,    62,43 MB ( 98%) used,     1,04 MB (  2%) free+waste,   139,06 KB ( <1%) overhead. 
      Class:      9,71 MB capacity,     9,20 MB ( 95%) used,   457,34 KB (  5%) free+waste,    63,44 KB ( <1%) overhead. 
       Both:     73,31 MB capacity,    71,63 MB ( 98%) used,     1,49 MB (  2%) free+waste,   202,50 KB ( <1%) overhead. 

Virtual space:
  Non-class space:       64,00 MB reserved,      63,91 MB (>99%) committed 
      Class space:        1,00 GB reserved,       9,75 MB ( <1%) committed 
             Both:        1,06 GB reserved,      73,66 MB (  7%) committed 

Chunk freelists:
   Non-Class:  71,00 KB
       Class:  0 bytes
        Both:  71,00 KB

CodeHeap 'non-profiled nmethods': size=120036Kb used=2981Kb max_used=2981Kb free=117055Kb
 bounds [0x00007ff70c440000, 0x00007ff70c730000, 0x00007ff713979000]
CodeHeap 'profiled nmethods': size=120032Kb used=14568Kb max_used=14568Kb free=105463Kb
 bounds [0x00007ff704f08000, 0x00007ff705d48000, 0x00007ff70c440000]
CodeHeap 'non-nmethods': size=5692Kb used=2286Kb max_used=2286Kb free=3405Kb
 bounds [0x00007ff704979000, 0x00007ff704be9000, 0x00007ff704f08000]
 total_blobs=9095 nmethods=6917 adapters=746
 compilation: enabled
              stopped_count=0, restarted_count=0
 full_count=0

Compilation events (10 events):
Event: 78,651 Thread 0x00007ff71c10e000 7191       2       java.lang.Character::isLowerCase (5 bytes)
Event: 78,651 Thread 0x00007ff71c10e000 nmethod 7191 0x00007ff705d42210 code [0x00007ff705d423e0, 0x00007ff705d425d8]
Event: 78,652 Thread 0x00007ff71c10e000 7193       2       org.gradle.internal.metaobject.CompositeDynamicObject::tryGetProperty (54 bytes)
Event: 78,652 Thread 0x00007ff71c10e000 nmethod 7193 0x00007ff705d42710 code [0x00007ff705d428e0, 0x00007ff705d42b48]
Event: 78,652 Thread 0x00007ff71c10e000 7192       2       java.lang.Character::isLowerCase (28 bytes)
Event: 78,653 Thread 0x00007ff71c10e000 nmethod 7192 0x00007ff705d42c90 code [0x00007ff705d42e60, 0x00007ff705d43058]
Event: 78,861 Thread 0x00007ff71c10e000 7194       2       java.util.LinkedList::checkElementIndex (22 bytes)
Event: 78,862 Thread 0x00007ff71c10e000 nmethod 7194 0x00007ff705d43190 code [0x00007ff705d433a0, 0x00007ff705d43748]
Event: 81,585 Thread 0x00007ff71c10e000 7195   !   2       java.beans.WeakIdentityMap::get (278 bytes)
Event: 81,588 Thread 0x00007ff71c10e000 nmethod 7195 0x00007ff705d43990 code [0x00007ff705d43c00, 0x00007ff705d447b8]

GC Heap History (10 events):
Event: 54,766 GC heap after
{Heap after GC invocations=21 (full 0):
 garbage-first heap   total 109568K, used 54179K [0x00000000a0000000, 0x0000000100000000)
  region size 1024K, 2 young (2048K), 2 survivors (2048K)
 Metaspace       used 60754K, capacity 62139K, committed 62500K, reserved 1103872K
  class space    used 7618K, capacity 8012K, committed 8060K, reserved 1048576K
}
Event: 59,077 GC heap before
{Heap before GC invocations=22 (full 0):
 garbage-first heap   total 109568K, used 83875K [0x00000000a0000000, 0x0000000100000000)
  region size 1024K, 31 young (31744K), 2 survivors (2048K)
 Metaspace       used 64199K, capacity 65662K, committed 66084K, reserved 1107968K
  class space    used 8106K, capacity 8530K, committed 8572K, reserved 1048576K
}
Event: 59,155 GC heap after
{Heap after GC invocations=23 (full 0):
 garbage-first heap   total 132096K, used 55803K [0x00000000a0000000, 0x0000000100000000)
  region size 1024K, 4 young (4096K), 4 survivors (4096K)
 Metaspace       used 64199K, capacity 65662K, committed 66084K, reserved 1107968K
  class space    used 8106K, capacity 8530K, committed 8572K, reserved 1048576K
}
Event: 63,997 GC heap before
{Heap before GC invocations=23 (full 0):
 garbage-first heap   total 132096K, used 93691K [0x00000000a0000000, 0x0000000100000000)
  region size 1024K, 41 young (41984K), 4 survivors (4096K)
 Metaspace       used 67478K, capacity 69014K, committed 69540K, reserved 1110016K
  class space    used 8503K, capacity 8919K, committed 8956K, reserved 1048576K
}
Event: 64,097 GC heap after
{Heap after GC invocations=24 (full 0):
 garbage-first heap   total 132096K, used 58965K [0x00000000a0000000, 0x0000000100000000)
  region size 1024K, 5 young (5120K), 5 survivors (5120K)
 Metaspace       used 67478K, capacity 69014K, committed 69540K, reserved 1110016K
  class space    used 8503K, capacity 8919K, committed 8956K, reserved 1048576K
}
Event: 71,343 GC heap before
{Heap before GC invocations=24 (full 0):
 garbage-first heap   total 132096K, used 100949K [0x00000000a0000000, 0x0000000100000000)
  region size 1024K, 46 young (47104K), 5 survivors (5120K)
 Metaspace       used 71001K, capacity 72515K, committed 72996K, reserved 1112064K
  class space    used 9075K, capacity 9527K, committed 9596K, reserved 1048576K
}
Event: 71,461 GC heap after
{Heap after GC invocations=25 (full 0):
 garbage-first heap   total 132096K, used 61906K [0x00000000a0000000, 0x0000000100000000)
  region size 1024K, 3 young (3072K), 3 survivors (3072K)
 Metaspace       used 71001K, capacity 72515K, committed 72996K, reserved 1112064K
  class space    used 9075K, capacity 9527K, committed 9596K, reserved 1048576K
}
Event: 79,410 GC heap before
{Heap before GC invocations=25 (full 0):
 garbage-first heap   total 132096K, used 102866K [0x00000000a0000000, 0x0000000100000000)
  region size 1024K, 43 young (44032K), 3 survivors (3072K)
 Metaspace       used 73343K, capacity 75071K, committed 75428K, reserved 1114112K
  class space    used 9421K, capacity 9942K, committed 9980K, reserved 1048576K
}
Event: 81,364 GC heap after
{Heap after GC invocations=26 (full 0):
 garbage-first heap   total 132096K, used 65536K [0x00000000a0000000, 0x0000000100000000)
  region size 1024K, 6 young (6144K), 6 survivors (6144K)
 Metaspace       used 73343K, capacity 75071K, committed 75428K, reserved 1114112K
  class space    used 9421K, capacity 9942K, committed 9980K, reserved 1048576K
}
Event: 81,636 GC heap before
{Heap before GC invocations=26 (full 0):
 garbage-first heap   total 132096K, used 66560K [0x00000000a0000000, 0x0000000100000000)
  region size 1024K, 7 young (7168K), 6 survivors (6144K)
 Metaspace       used 73345K, capacity 75071K, committed 75428K, reserved 1114112K
  class space    used 9421K, capacity 9942K, committed 9980K, reserved 1048576K
}

Deoptimization events (10 events):
Event: 62,158 Thread 0x00007ff6cc390800 Uncommon trap: reason=bimorphic_or_optimized_type_check action=maybe_recompile pc=0x00007ff70c5ac35c method=java.util.concurrent.ConcurrentHashMap.putVal(Ljava/lang/Object;Ljava/lang/Object;Z)Ljava/lang/Object; @ 242 c2
Event: 62,158 Thread 0x00007ff6cc390800 Uncommon trap: reason=bimorphic_or_optimized_type_check action=maybe_recompile pc=0x00007ff70c5ac35c method=java.util.concurrent.ConcurrentHashMap.putVal(Ljava/lang/Object;Ljava/lang/Object;Z)Ljava/lang/Object; @ 242 c2
Event: 62,693 Thread 0x00007ff6cc390800 Uncommon trap: reason=intrinsic_or_type_checked_inlining action=make_not_entrant pc=0x00007ff70c6a04f0 method=java.util.ArrayList.toArray([Ljava/lang/Object;)[Ljava/lang/Object; @ 36 c2
Event: 62,956 Thread 0x00007ff6cc390800 Uncommon trap: reason=unstable_if action=reinterpret pc=0x00007ff70c6982f0 method=kotlin.reflect.jvm.internal.impl.name.Name.equals(Ljava/lang/Object;)Z @ 2 c2
Event: 62,979 Thread 0x00007ff6cc390800 Uncommon trap: reason=unstable_if action=reinterpret pc=0x00007ff70c6a1eb0 method=kotlin.reflect.jvm.internal.impl.util.Checks.isApplicable(Lkotlin/reflect/jvm/internal/impl/descriptors/FunctionDescriptor;)Z @ 28 c2
Event: 63,437 Thread 0x00007ff6cc390800 Uncommon trap: reason=class_check action=make_not_entrant pc=0x00007ff70c6a95bc method=java.util.ArrayList.toArray([Ljava/lang/Object;)[Ljava/lang/Object; @ 21 c2
Event: 65,068 Thread 0x00007ff6cc390800 Uncommon trap: reason=bimorphic_or_optimized_type_check action=maybe_recompile pc=0x00007ff70c533434 method=java.io.BufferedInputStream.read1([BII)I @ 39 c2
Event: 65,069 Thread 0x00007ff6cc390800 Uncommon trap: reason=bimorphic_or_optimized_type_check action=maybe_recompile pc=0x00007ff70c5341b8 method=java.io.BufferedInputStream.read1([BII)I @ 39 c2
Event: 65,494 Thread 0x00007ff6cc390800 Uncommon trap: reason=unstable_if action=reinterpret pc=0x00007ff70c6a3fa8 method=java.lang.StringCoding.decodeUTF8([BIIZ)Ljava/lang/StringCoding$Result; @ 12 c2
Event: 76,962 Thread 0x00007ff6ec005800 Uncommon trap: reason=unstable_if action=reinterpret pc=0x00007ff70c687138 method=java.util.concurrent.locks.AbstractQueuedSynchronizer.acquire(I)V @ 5 c2

Classes redefined (0 events):
No events

Internal exceptions (10 events):
Event: 78,643 Thread 0x00007ff6cc390800 Exception <a 'java/lang/ClassNotFoundException'{0x00000000a594b240}: org/gradle/configuration/Help_DecoratedCustomizer> (0x00000000a594b240) thrown at [/build/src/jdk11u-jdk-11.0.3+7/src/hotspot/share/classfile/systemDictionary.cpp, line 231]
Event: 78,649 Thread 0x00007ff6cc390800 Exception <a 'java/lang/ClassNotFoundException'{0x00000000a59a5050}: org/gradle/api/DefaultTask_DecoratedBeanInfo> (0x00000000a59a5050) thrown at [/build/src/jdk11u-jdk-11.0.3+7/src/hotspot/share/classfile/systemDictionary.cpp, line 231]
Event: 78,649 Thread 0x00007ff6cc390800 Exception <a 'java/lang/ClassNotFoundException'{0x00000000a59b2640}: org/gradle/api/DefaultTask_DecoratedCustomizer> (0x00000000a59b2640) thrown at [/build/src/jdk11u-jdk-11.0.3+7/src/hotspot/share/classfile/systemDictionary.cpp, line 231]
Event: 81,585 Thread 0x00007ff6cc390800 Exception <a 'java/lang/ClassNotFoundException'{0x00000000a80503a8}: org/gradle/plugins/ide/idea/GenerateIdeaModule_DecoratedBeanInfo> (0x00000000a80503a8) thrown at [/build/src/jdk11u-jdk-11.0.3+7/src/hotspot/share/classfile/systemDictionary.cpp, line 23
Event: 81,588 Thread 0x00007ff6cc390800 Exception <a 'java/lang/ClassNotFoundException'{0x00000000a8066d68}: org/gradle/plugins/ide/idea/GenerateIdeaModuleBeanInfo> (0x00000000a8066d68) thrown at [/build/src/jdk11u-jdk-11.0.3+7/src/hotspot/share/classfile/systemDictionary.cpp, line 231]
Event: 81,588 Thread 0x00007ff6cc390800 Exception <a 'java/lang/ClassNotFoundException'{0x00000000a807da08}: org/gradle/plugins/ide/api/XmlGeneratorTaskBeanInfo> (0x00000000a807da08) thrown at [/build/src/jdk11u-jdk-11.0.3+7/src/hotspot/share/classfile/systemDictionary.cpp, line 231]
Event: 81,589 Thread 0x00007ff6cc390800 Exception <a 'java/lang/ClassNotFoundException'{0x00000000a80930a8}: org/gradle/plugins/ide/api/GeneratorTaskBeanInfo> (0x00000000a80930a8) thrown at [/build/src/jdk11u-jdk-11.0.3+7/src/hotspot/share/classfile/systemDictionary.cpp, line 231]
Event: 81,590 Thread 0x00007ff6cc390800 Exception <a 'java/lang/ClassNotFoundException'{0x00000000a80a9100}: org/gradle/plugins/ide/api/GeneratorTaskCustomizer> (0x00000000a80a9100) thrown at [/build/src/jdk11u-jdk-11.0.3+7/src/hotspot/share/classfile/systemDictionary.cpp, line 231]
Event: 81,591 Thread 0x00007ff6cc390800 Exception <a 'java/lang/ClassNotFoundException'{0x00000000a80d15a0}: org/gradle/plugins/ide/api/XmlGeneratorTaskCustomizer> (0x00000000a80d15a0) thrown at [/build/src/jdk11u-jdk-11.0.3+7/src/hotspot/share/classfile/systemDictionary.cpp, line 231]
Event: 81,593 Thread 0x00007ff6cc390800 Exception <a 'java/lang/ClassNotFoundException'{0x00000000a80f7f30}: org/gradle/plugins/ide/idea/GenerateIdeaModuleCustomizer> (0x00000000a80f7f30) thrown at [/build/src/jdk11u-jdk-11.0.3+7/src/hotspot/share/classfile/systemDictionary.cpp, line 231]

Events (10 events):
Event: 81,591 loading class org/gradle/plugins/ide/api/XmlGeneratorTaskCustomizer done
Event: 81,591 loading class org/gradle/plugins/ide/api/XmlGeneratorTaskCustomizer
Event: 81,591 loading class org/gradle/plugins/ide/api/XmlGeneratorTaskCustomizer done
Event: 81,592 loading class org/gradle/plugins/ide/idea/GenerateIdeaModuleCustomizer
Event: 81,592 loading class org/gradle/plugins/ide/idea/GenerateIdeaModuleCustomizer done
Event: 81,593 loading class org/gradle/plugins/ide/idea/GenerateIdeaModuleCustomizer
Event: 81,593 loading class org/gradle/plugins/ide/idea/GenerateIdeaModuleCustomizer done
Event: 81,593 loading class org/gradle/plugins/ide/idea/GenerateIdeaModuleCustomizer
Event: 81,593 loading class org/gradle/plugins/ide/idea/GenerateIdeaModuleCustomizer done
Event: 81,617 Executing VM operation: G1CollectForAllocation


Dynamic libraries:
a0000000-a8100000 rw-p 00000000 00:00 0 
b0200000-100000000 ---p 00000000 00:00 0 
100000000-1009bf000 rw-p 00000000 00:00 0 
1009bf000-140000000 ---p 00000000 00:00 0 
55bf67643000-55bf67644000 r--p 00000000 08:06 657484                     /usr/lib/jvm/java-11-openjdk/bin/java
55bf67644000-55bf67645000 r-xp 00001000 08:06 657484                     /usr/lib/jvm/java-11-openjdk/bin/java
55bf67645000-55bf67646000 r--p 00002000 08:06 657484                     /usr/lib/jvm/java-11-openjdk/bin/java
55bf67646000-55bf67647000 r--p 00002000 08:06 657484                     /usr/lib/jvm/java-11-openjdk/bin/java
55bf67647000-55bf67648000 rw-p 00003000 08:06 657484                     /usr/lib/jvm/java-11-openjdk/bin/java
55bf67932000-55bf67953000 rw-p 00000000 00:00 0                          [heap]
7ff6c1ffe000-7ff6c21fe000 rw-p 00000000 00:00 0 
7ff6c21fe000-7ff6c23fe000 rw-p 00000000 00:00 0 
7ff6c23fe000-7ff6c2402000 ---p 00000000 00:00 0 
7ff6c2402000-7ff6c26ff000 rw-p 00000000 00:00 0 
7ff6c26ff000-7ff6c28ff000 rw-p 00000000 00:00 0 
7ff6c28ff000-7ff6c2aff000 rw-p 00000000 00:00 0 
7ff6c2aff000-7ff6c2cff000 rw-p 00000000 00:00 0 
7ff6c2cff000-7ff6c2eff000 rw-p 00000000 00:00 0 
7ff6c2eff000-7ff6c30ff000 rw-p 00000000 00:00 0 
7ff6c30ff000-7ff6c32ff000 rw-p 00000000 00:00 0 
7ff6c32ff000-7ff6c34ff000 rw-p 00000000 00:00 0 
7ff6c34ff000-7ff6c36ff000 rw-p 00000000 00:00 0 
7ff6c36ff000-7ff6c38ff000 rw-p 00000000 00:00 0 
7ff6c38ff000-7ff6c3aff000 rw-p 00000000 00:00 0 
7ff6c3aff000-7ff6c3cff000 rw-p 00000000 00:00 0 
7ff6c3cff000-7ff6c3d03000 ---p 00000000 00:00 0 
7ff6c3d03000-7ff6c3fea000 rw-p 00000000 00:00 0 
7ff6c3fea000-7ff6c4000000 ---p 00000000 00:00 0 
7ff6c4000000-7ff6c4055000 rw-p 00000000 00:00 0 
7ff6c4055000-7ff6c8000000 ---p 00000000 00:00 0 
7ff6c8000000-7ff6c804e000 rw-p 00000000 00:00 0 
7ff6c804e000-7ff6cc000000 ---p 00000000 00:00 0 
7ff6cc000000-7ff6cc6bd000 rw-p 00000000 00:00 0 
7ff6cc6bd000-7ff6d0000000 ---p 00000000 00:00 0 
7ff6d0000000-7ff6d0021000 rw-p 00000000 00:00 0 
7ff6d0021000-7ff6d4000000 ---p 00000000 00:00 0 
7ff6d4000000-7ff6d4021000 rw-p 00000000 00:00 0 
7ff6d4021000-7ff6d8000000 ---p 00000000 00:00 0 
7ff6d8000000-7ff6d9f9a000 rw-p 00000000 00:00 0 
7ff6d9f9a000-7ff6dc000000 ---p 00000000 00:00 0 
7ff6dc000000-7ff6dc021000 rw-p 00000000 00:00 0 
7ff6dc021000-7ff6e0000000 ---p 00000000 00:00 0 
7ff6e0000000-7ff6e17e4000 rw-p 00000000 00:00 0 
7ff6e17e4000-7ff6e4000000 ---p 00000000 00:00 0 
7ff6e4000000-7ff6e4036000 rw-p 00000000 00:00 0 
7ff6e4036000-7ff6e8000000 ---p 00000000 00:00 0 
7ff6e8000000-7ff6e80ca000 rw-p 00000000 00:00 0 
7ff6e80ca000-7ff6ec000000 ---p 00000000 00:00 0 
7ff6ec000000-7ff6ec021000 rw-p 00000000 00:00 0 
7ff6ec021000-7ff6f0000000 ---p 00000000 00:00 0 
7ff6f0000000-7ff6f004b000 rw-p 00000000 00:00 0 
7ff6f004b000-7ff6f4000000 ---p 00000000 00:00 0 
7ff6f4038000-7ff6f403c000 ---p 00000000 00:00 0 
7ff6f403c000-7ff6f4339000 rw-p 00000000 00:00 0 
7ff6f4339000-7ff6f4539000 rw-p 00000000 00:00 0 
7ff6f4539000-7ff6f453d000 ---p 00000000 00:00 0 
7ff6f453d000-7ff6f463a000 rw-p 00000000 00:00 0 
7ff6f463a000-7ff6f463e000 ---p 00000000 00:00 0 
7ff6f463e000-7ff6f493b000 rw-p 00000000 00:00 0 
7ff6f49f8000-7ff6f49fc000 ---p 00000000 00:00 0 
7ff6f49fc000-7ff6f4cf9000 rw-p 00000000 00:00 0 
7ff6f4cf9000-7ff6f4ef9000 rw-p 00000000 00:00 0 
7ff6f4ef9000-7ff6f50f9000 rw-p 00000000 00:00 0 
7ff6f50f9000-7ff6f52f9000 rw-p 00000000 00:00 0 
7ff6f52f9000-7ff6f54f9000 rw-p 00000000 00:00 0 
7ff6f54f9000-7ff6f54fd000 ---p 00000000 00:00 0 
7ff6f54fd000-7ff6f55fa000 rw-p 00000000 00:00 0 
7ff6f55fa000-7ff6f55fe000 ---p 00000000 00:00 0 
7ff6f55fe000-7ff6f56fb000 rw-p 00000000 00:00 0 
7ff6f56fb000-7ff6f56ff000 ---p 00000000 00:00 0 
7ff6f56ff000-7ff6f57fc000 rw-p 00000000 00:00 0 
7ff6f57fc000-7ff6f5800000 ---p 00000000 00:00 0 
7ff6f5800000-7ff6f5afd000 rw-p 00000000 00:00 0 
7ff6f5afd000-7ff6f5b01000 ---p 00000000 00:00 0 
7ff6f5b01000-7ff6f5bfe000 rw-p 00000000 00:00 0 
7ff6f5bfe000-7ff6f5c02000 ---p 00000000 00:00 0 
7ff6f5c02000-7ff6f5cff000 rw-p 00000000 00:00 0 
7ff6f5cff000-7ff6f5d03000 ---p 00000000 00:00 0 
7ff6f5d03000-7ff6f8000000 rw-p 00000000 00:00 0 
7ff6f8000000-7ff6f8021000 rw-p 00000000 00:00 0 
7ff6f8021000-7ff6fc000000 ---p 00000000 00:00 0 
7ff6fc0ec000-7ff6fc0f0000 ---p 00000000 00:00 0 
7ff6fc0f0000-7ff6fc1ed000 rw-p 00000000 00:00 0 
7ff6fc1ed000-7ff6fc1f1000 ---p 00000000 00:00 0 
7ff6fc1f1000-7ff6fc2ee000 rw-p 00000000 00:00 0 
7ff6fc2ee000-7ff6fc2f2000 ---p 00000000 00:00 0 
7ff6fc2f2000-7ff6fc3ef000 rw-p 00000000 00:00 0 
7ff6fc3ef000-7ff6fc3f3000 ---p 00000000 00:00 0 
7ff6fc3f3000-7ff6fc4f0000 rw-p 00000000 00:00 0 
7ff6fc4f0000-7ff6fc4f4000 ---p 00000000 00:00 0 
7ff6fc4f4000-7ff6fc7f1000 rw-p 00000000 00:00 0 
7ff6fc7f1000-7ff6fc9f1000 rw-p 00000000 00:00 0 
7ff6fc9f1000-7ff6fcbf1000 rw-p 00000000 00:00 0 
7ff6fcbf1000-7ff6fcbf6000 r-xp 00000000 08:06 1276535                    /home/cherkasik/.gradle/native/25/linux-amd64/libnative-platform.so
7ff6fcbf6000-7ff6fcdf5000 ---p 00005000 08:06 1276535                    /home/cherkasik/.gradle/native/25/linux-amd64/libnative-platform.so
7ff6fcdf5000-7ff6fcdf6000 rw-p 00004000 08:06 1276535                    /home/cherkasik/.gradle/native/25/linux-amd64/libnative-platform.so
7ff6fcdfd000-7ff6fcdfe000 ---p 00000000 00:00 0 
7ff6fcdfe000-7ff6fceff000 rw-p 00000000 00:00 0 
7ff6fceff000-7ff6fcf03000 ---p 00000000 00:00 0 
7ff6fcf03000-7ff6fd204000 rw-p 00000000 00:00 0 
7ff6fd204000-7ff6fe800000 ---p 00000000 00:00 0 
7ff6fe800000-7ff6fea04000 rw-p 00000000 00:00 0 
7ff6fea04000-7ff700000000 ---p 00000000 00:00 0 
7ff700000000-7ff700029000 rw-p 00000000 00:00 0 
7ff700029000-7ff704000000 ---p 00000000 00:00 0 
7ff704029000-7ff704059000 r--p 00000000 08:06 920775                     /usr/share/locale/ru/LC_MESSAGES/libc.mo
7ff704059000-7ff70408a000 rw-p 00000000 00:00 0 
7ff70408a000-7ff70408b000 ---p 00000000 00:00 0 
7ff70408b000-7ff70418c000 rw-p 00000000 00:00 0 
7ff70418c000-7ff704190000 ---p 00000000 00:00 0 
7ff704190000-7ff70428d000 rw-p 00000000 00:00 0 
7ff70428d000-7ff704291000 ---p 00000000 00:00 0 
7ff704291000-7ff70438e000 rw-p 00000000 00:00 0 
7ff70438e000-7ff704392000 ---p 00000000 00:00 0 
7ff704392000-7ff70448f000 rw-p 00000000 00:00 0 
7ff70448f000-7ff704493000 ---p 00000000 00:00 0 
7ff704493000-7ff704590000 rw-p 00000000 00:00 0 
7ff704590000-7ff704594000 ---p 00000000 00:00 0 
7ff704594000-7ff704691000 rw-p 00000000 00:00 0 
7ff704691000-7ff704977000 r--p 00000000 08:06 412890                     /usr/lib/locale/locale-archive
7ff704979000-7ff704be9000 rwxp 00000000 00:00 0 
7ff704be9000-7ff704f08000 ---p 00000000 00:00 0 
7ff704f08000-7ff705d48000 rwxp 00000000 00:00 0 
7ff705d48000-7ff70c440000 ---p 00000000 00:00 0 
7ff70c440000-7ff70c730000 rwxp 00000000 00:00 0 
7ff70c730000-7ff713979000 ---p 00000000 00:00 0 
7ff713979000-7ff71bffa000 r--s 00000000 08:06 657564                     /usr/lib/jvm/java-11-openjdk/lib/modules
7ff71c000000-7ff71d0a3000 rw-p 00000000 00:00 0 
7ff71d0a3000-7ff720000000 ---p 00000000 00:00 0 
7ff720009000-7ff72000a000 r--p 00000000 08:06 657513                     /usr/lib/jvm/java-11-openjdk/lib/libextnet.so
7ff72000a000-7ff72000b000 r-xp 00001000 08:06 657513                     /usr/lib/jvm/java-11-openjdk/lib/libextnet.so
7ff72000b000-7ff72000c000 r--p 00002000 08:06 657513                     /usr/lib/jvm/java-11-openjdk/lib/libextnet.so
7ff72000c000-7ff72000d000 r--p 00002000 08:06 657513                     /usr/lib/jvm/java-11-openjdk/lib/libextnet.so
7ff72000d000-7ff72000e000 rw-p 00003000 08:06 657513                     /usr/lib/jvm/java-11-openjdk/lib/libextnet.so
7ff720011000-7ff720013000 r--p 00000000 08:06 657543                     /usr/lib/jvm/java-11-openjdk/lib/libmanagement_ext.so
7ff720013000-7ff720016000 r-xp 00002000 08:06 657543                     /usr/lib/jvm/java-11-openjdk/lib/libmanagement_ext.so
7ff720016000-7ff720017000 r--p 00005000 08:06 657543                     /usr/lib/jvm/java-11-openjdk/lib/libmanagement_ext.so
7ff720017000-7ff720018000 ---p 00006000 08:06 657543                     /usr/lib/jvm/java-11-openjdk/lib/libmanagement_ext.so
7ff720018000-7ff720019000 r--p 00006000 08:06 657543                     /usr/lib/jvm/java-11-openjdk/lib/libmanagement_ext.so
7ff720019000-7ff72001a000 rw-p 00007000 08:06 657543                     /usr/lib/jvm/java-11-openjdk/lib/libmanagement_ext.so
7ff720021000-7ff720024000 r--p 00000000 08:06 657539                     /usr/lib/jvm/java-11-openjdk/lib/libmanagement.so
7ff720024000-7ff720025000 r-xp 00003000 08:06 657539                     /usr/lib/jvm/java-11-openjdk/lib/libmanagement.so
7ff720025000-7ff720026000 r--p 00004000 08:06 657539                     /usr/lib/jvm/java-11-openjdk/lib/libmanagement.so
7ff720026000-7ff720027000 r--p 00004000 08:06 657539                     /usr/lib/jvm/java-11-openjdk/lib/libmanagement.so
7ff720027000-7ff720028000 rw-p 00005000 08:06 657539                     /usr/lib/jvm/java-11-openjdk/lib/libmanagement.so
7ff720029000-7ff72002d000 r--p 00000000 08:06 657547                     /usr/lib/jvm/java-11-openjdk/lib/libnet.so
7ff72002d000-7ff72003d000 r-xp 00004000 08:06 657547                     /usr/lib/jvm/java-11-openjdk/lib/libnet.so
7ff72003d000-7ff720041000 r--p 00014000 08:06 657547                     /usr/lib/jvm/java-11-openjdk/lib/libnet.so
7ff720041000-7ff720042000 r--p 00017000 08:06 657547                     /usr/lib/jvm/java-11-openjdk/lib/libnet.so
7ff720042000-7ff720043000 rw-p 00018000 08:06 657547                     /usr/lib/jvm/java-11-openjdk/lib/libnet.so
7ff720049000-7ff720050000 r--p 00000000 08:06 657549                     /usr/lib/jvm/java-11-openjdk/lib/libnio.so
7ff720050000-7ff720057000 r-xp 00007000 08:06 657549                     /usr/lib/jvm/java-11-openjdk/lib/libnio.so
7ff720057000-7ff72005a000 r--p 0000e000 08:06 657549                     /usr/lib/jvm/java-11-openjdk/lib/libnio.so
7ff72005a000-7ff72005b000 r--p 00010000 08:06 657549                     /usr/lib/jvm/java-11-openjdk/lib/libnio.so
7ff72005b000-7ff72005c000 rw-p 00011000 08:06 657549                     /usr/lib/jvm/java-11-openjdk/lib/libnio.so
7ff720063000-7ff720067000 ---p 00000000 00:00 0 
7ff720067000-7ff720164000 rw-p 00000000 00:00 0 
7ff720164000-7ff720168000 ---p 00000000 00:00 0 
7ff720168000-7ff720265000 rw-p 00000000 00:00 0 
7ff720265000-7ff720266000 ---p 00000000 00:00 0 
7ff720266000-7ff720c6b000 rw-p 00000000 00:00 0 
7ff720c6b000-7ff720cad000 rw-p 00000000 00:00 0 
7ff720cad000-7ff720cae000 ---p 00000000 00:00 0 
7ff720cae000-7ff720daf000 rw-p 00000000 00:00 0 
7ff720daf000-7ff720db0000 ---p 00000000 00:00 0 
7ff720db0000-7ff7210b3000 rw-p 00000000 00:00 0 
7ff7210b3000-7ff7210b4000 ---p 00000000 00:00 0 
7ff7210b4000-7ff7211b5000 rw-p 00000000 00:00 0 
7ff7211b5000-7ff7211b6000 ---p 00000000 00:00 0 
7ff7211b6000-7ff72132c000 rw-p 00000000 00:00 0 
7ff72132c000-7ff7215eb000 ---p 00000000 00:00 0 
7ff7215eb000-7ff72162c000 rw-p 00000000 00:00 0 
7ff72162c000-7ff7218eb000 ---p 00000000 00:00 0 
7ff7218eb000-7ff72192c000 rw-p 00000000 00:00 0 
7ff72192c000-7ff721beb000 ---p 00000000 00:00 0 
7ff721beb000-7ff721ded000 rw-p 00000000 00:00 0 
7ff721ded000-7ff721dee000 ---p 00000000 00:00 0 
7ff721dee000-7ff721ef5000 rw-p 00000000 00:00 0 
7ff721ef5000-7ff721fda000 ---p 00000000 00:00 0 
7ff721fda000-7ff721ff7000 rw-p 00000000 00:00 0 
7ff721ff7000-7ff7220c5000 ---p 00000000 00:00 0 
7ff7220c5000-7ff7220ca000 rw-p 00000000 00:00 0 
7ff7220ca000-7ff7220d1000 ---p 00000000 00:00 0 
7ff7220d1000-7ff7220d3000 r--p 00000000 08:06 657533                     /usr/lib/jvm/java-11-openjdk/lib/libjimage.so
7ff7220d3000-7ff7220d6000 r-xp 00002000 08:06 657533                     /usr/lib/jvm/java-11-openjdk/lib/libjimage.so
7ff7220d6000-7ff7220d7000 r--p 00005000 08:06 657533                     /usr/lib/jvm/java-11-openjdk/lib/libjimage.so
7ff7220d7000-7ff7220d8000 ---p 00006000 08:06 657533                     /usr/lib/jvm/java-11-openjdk/lib/libjimage.so
7ff7220d8000-7ff7220d9000 r--p 00006000 08:06 657533                     /usr/lib/jvm/java-11-openjdk/lib/libjimage.so
7ff7220d9000-7ff7220da000 rw-p 00007000 08:06 657533                     /usr/lib/jvm/java-11-openjdk/lib/libjimage.so
7ff7220e1000-7ff7220e3000 r--p 00000000 08:06 657563                     /usr/lib/jvm/java-11-openjdk/lib/libzip.so
7ff7220e3000-7ff7220e7000 r-xp 00002000 08:06 657563                     /usr/lib/jvm/java-11-openjdk/lib/libzip.so
7ff7220e7000-7ff7220e9000 r--p 00006000 08:06 657563                     /usr/lib/jvm/java-11-openjdk/lib/libzip.so
7ff7220e9000-7ff7220ea000 r--p 00007000 08:06 657563                     /usr/lib/jvm/java-11-openjdk/lib/libzip.so
7ff7220ea000-7ff7220eb000 rw-p 00008000 08:06 657563                     /usr/lib/jvm/java-11-openjdk/lib/libzip.so
7ff7220f1000-7ff7220f9000 rw-s 00000000 00:29 84                         /tmp/hsperfdata_cherkasik/4881
7ff7220f9000-7ff722107000 r--p 00000000 08:06 657527                     /usr/lib/jvm/java-11-openjdk/lib/libjava.so
7ff722107000-7ff72211c000 r-xp 0000e000 08:06 657527                     /usr/lib/jvm/java-11-openjdk/lib/libjava.so
7ff72211c000-7ff722122000 r--p 00023000 08:06 657527                     /usr/lib/jvm/java-11-openjdk/lib/libjava.so
7ff722122000-7ff722123000 ---p 00029000 08:06 657527                     /usr/lib/jvm/java-11-openjdk/lib/libjava.so
7ff722123000-7ff722124000 r--p 00029000 08:06 657527                     /usr/lib/jvm/java-11-openjdk/lib/libjava.so
7ff722124000-7ff722125000 rw-p 0002a000 08:06 657527                     /usr/lib/jvm/java-11-openjdk/lib/libjava.so
7ff722125000-7ff722126000 rw-p 00000000 00:00 0 
7ff722129000-7ff72212b000 r--p 00000000 08:06 412877                     /usr/lib/librt-2.29.so
7ff72212b000-7ff72212f000 r-xp 00002000 08:06 412877                     /usr/lib/librt-2.29.so
7ff72212f000-7ff722131000 r--p 00006000 08:06 412877                     /usr/lib/librt-2.29.so
7ff722131000-7ff722132000 r--p 00007000 08:06 412877                     /usr/lib/librt-2.29.so
7ff722132000-7ff722133000 rw-p 00008000 08:06 412877                     /usr/lib/librt-2.29.so
7ff722138000-7ff72213c000 ---p 00000000 00:00 0 
7ff72213c000-7ff722239000 rw-p 00000000 00:00 0 
7ff722239000-7ff72223c000 r--p 00000000 08:06 398291                     /usr/lib/libgcc_s.so.1
7ff72223c000-7ff72224d000 r-xp 00003000 08:06 398291                     /usr/lib/libgcc_s.so.1
7ff72224d000-7ff722250000 r--p 00014000 08:06 398291                     /usr/lib/libgcc_s.so.1
7ff722250000-7ff722251000 ---p 00017000 08:06 398291                     /usr/lib/libgcc_s.so.1
7ff722251000-7ff722252000 r--p 00017000 08:06 398291                     /usr/lib/libgcc_s.so.1
7ff722252000-7ff722253000 rw-p 00018000 08:06 398291                     /usr/lib/libgcc_s.so.1
7ff722259000-7ff722266000 r--p 00000000 08:06 402931                     /usr/lib/libm-2.29.so
7ff722266000-7ff722302000 r-xp 0000d000 08:06 402931                     /usr/lib/libm-2.29.so
7ff722302000-7ff72239d000 r--p 000a9000 08:06 402931                     /usr/lib/libm-2.29.so
7ff72239d000-7ff72239e000 r--p 00143000 08:06 402931                     /usr/lib/libm-2.29.so
7ff72239e000-7ff72239f000 rw-p 00144000 08:06 402931                     /usr/lib/libm-2.29.so
7ff7223a1000-7ff72242b000 r--p 00000000 08:06 400106                     /usr/lib/libstdc++.so.6.0.25
7ff72242b000-7ff7224e3000 r-xp 0008a000 08:06 400106                     /usr/lib/libstdc++.so.6.0.25
7ff7224e3000-7ff722520000 r--p 00142000 08:06 400106                     /usr/lib/libstdc++.so.6.0.25
7ff722520000-7ff722521000 ---p 0017f000 08:06 400106                     /usr/lib/libstdc++.so.6.0.25
7ff722521000-7ff72252d000 r--p 0017f000 08:06 400106                     /usr/lib/libstdc++.so.6.0.25
7ff72252d000-7ff72252e000 rw-p 0018b000 08:06 400106                     /usr/lib/libstdc++.so.6.0.25
7ff72252e000-7ff722531000 rw-p 00000000 00:00 0 
7ff722531000-7ff7227a3000 r--p 00000000 08:06 657576                     /usr/lib/jvm/java-11-openjdk/lib/server/libjvm.so
7ff7227a3000-7ff723367000 r-xp 00272000 08:06 657576                     /usr/lib/jvm/java-11-openjdk/lib/server/libjvm.so
7ff723367000-7ff7235a3000 r--p 00e36000 08:06 657576                     /usr/lib/jvm/java-11-openjdk/lib/server/libjvm.so
7ff7235a3000-7ff723662000 r--p 01071000 08:06 657576                     /usr/lib/jvm/java-11-openjdk/lib/server/libjvm.so
7ff723662000-7ff72369b000 rw-p 01130000 08:06 657576                     /usr/lib/jvm/java-11-openjdk/lib/server/libjvm.so
7ff72369b000-7ff7236f1000 rw-p 00000000 00:00 0 
7ff7236f1000-7ff7236f7000 r--p 00000000 08:06 412869                     /usr/lib/libpthread-2.29.so
7ff7236f7000-7ff723706000 r-xp 00006000 08:06 412869                     /usr/lib/libpthread-2.29.so
7ff723706000-7ff72370c000 r--p 00015000 08:06 412869                     /usr/lib/libpthread-2.29.so
7ff72370c000-7ff72370d000 r--p 0001a000 08:06 412869                     /usr/lib/libpthread-2.29.so
7ff72370d000-7ff72370e000 rw-p 0001b000 08:06 412869                     /usr/lib/libpthread-2.29.so
7ff72370e000-7ff723712000 rw-p 00000000 00:00 0 
7ff723719000-7ff72371a000 r--p 00000000 08:06 402925                     /usr/lib/libdl-2.29.so
7ff72371a000-7ff72371b000 r-xp 00001000 08:06 402925                     /usr/lib/libdl-2.29.so
7ff72371b000-7ff72371c000 r--p 00002000 08:06 402925                     /usr/lib/libdl-2.29.so
7ff72371c000-7ff72371d000 r--p 00002000 08:06 402925                     /usr/lib/libdl-2.29.so
7ff72371d000-7ff72371e000 rw-p 00003000 08:06 402925                     /usr/lib/libdl-2.29.so
7ff723721000-7ff723737000 r-xp 00000000 08:06 400220                     /usr/lib/libz.so.1.2.11
7ff723737000-7ff723936000 ---p 00016000 08:06 400220                     /usr/lib/libz.so.1.2.11
7ff723936000-7ff723937000 r--p 00015000 08:06 400220                     /usr/lib/libz.so.1.2.11
7ff723937000-7ff723938000 rw-p 00016000 08:06 400220                     /usr/lib/libz.so.1.2.11
7ff723939000-7ff72395b000 r--p 00000000 08:06 402916                     /usr/lib/libc-2.29.so
7ff72395b000-7ff723aa7000 r-xp 00022000 08:06 402916                     /usr/lib/libc-2.29.so
7ff723aa7000-7ff723af3000 r--p 0016e000 08:06 402916                     /usr/lib/libc-2.29.so
7ff723af3000-7ff723af4000 ---p 001ba000 08:06 402916                     /usr/lib/libc-2.29.so
7ff723af4000-7ff723af8000 r--p 001ba000 08:06 402916                     /usr/lib/libc-2.29.so
7ff723af8000-7ff723afa000 rw-p 001be000 08:06 402916                     /usr/lib/libc-2.29.so
7ff723afa000-7ff723afe000 rw-p 00000000 00:00 0 
7ff723b09000-7ff723b0c000 r--p 00000000 08:06 410291                     /usr/lib/libnss_files-2.29.so
7ff723b0c000-7ff723b13000 r-xp 00003000 08:06 410291                     /usr/lib/libnss_files-2.29.so
7ff723b13000-7ff723b16000 r--p 0000a000 08:06 410291                     /usr/lib/libnss_files-2.29.so
7ff723b16000-7ff723b17000 r--p 0000c000 08:06 410291                     /usr/lib/libnss_files-2.29.so
7ff723b17000-7ff723b18000 rw-p 0000d000 08:06 410291                     /usr/lib/libnss_files-2.29.so
7ff723b18000-7ff723b1e000 rw-p 00000000 00:00 0 
7ff723b21000-7ff723b26000 r--p 00000000 08:06 657561                     /usr/lib/jvm/java-11-openjdk/lib/libverify.so
7ff723b26000-7ff723b2d000 r-xp 00005000 08:06 657561                     /usr/lib/jvm/java-11-openjdk/lib/libverify.so
7ff723b2d000-7ff723b2f000 r--p 0000c000 08:06 657561                     /usr/lib/jvm/java-11-openjdk/lib/libverify.so
7ff723b2f000-7ff723b31000 r--p 0000d000 08:06 657561                     /usr/lib/jvm/java-11-openjdk/lib/libverify.so
7ff723b31000-7ff723b32000 rw-p 0000f000 08:06 657561                     /usr/lib/jvm/java-11-openjdk/lib/libverify.so
7ff723b39000-7ff723b3c000 r--p 00000000 08:06 657503                     /usr/lib/jvm/java-11-openjdk/lib/jli/libjli.so
7ff723b3c000-7ff723b46000 r-xp 00003000 08:06 657503                     /usr/lib/jvm/java-11-openjdk/lib/jli/libjli.so
7ff723b46000-7ff723b49000 r--p 0000d000 08:06 657503                     /usr/lib/jvm/java-11-openjdk/lib/jli/libjli.so
7ff723b49000-7ff723b4a000 ---p 00010000 08:06 657503                     /usr/lib/jvm/java-11-openjdk/lib/jli/libjli.so
7ff723b4a000-7ff723b4b000 r--p 00010000 08:06 657503                     /usr/lib/jvm/java-11-openjdk/lib/jli/libjli.so
7ff723b4b000-7ff723b4c000 rw-p 00011000 08:06 657503                     /usr/lib/jvm/java-11-openjdk/lib/jli/libjli.so
7ff723b4f000-7ff723b50000 ---p 00000000 00:00 0 
7ff723b50000-7ff723b51000 r--p 00000000 00:00 0 
7ff723b51000-7ff723b53000 r--p 00000000 08:06 402905                     /usr/lib/ld-2.29.so
7ff723b53000-7ff723b72000 r-xp 00002000 08:06 402905                     /usr/lib/ld-2.29.so
7ff723b72000-7ff723b7a000 r--p 00021000 08:06 402905                     /usr/lib/ld-2.29.so
7ff723b7b000-7ff723b7c000 r--p 00029000 08:06 402905                     /usr/lib/ld-2.29.so
7ff723b7c000-7ff723b7d000 rw-p 0002a000 08:06 402905                     /usr/lib/ld-2.29.so
7ff723b7d000-7ff723b80000 rw-p 00000000 00:00 0 
7ff723b80000-7ff723b82000 rw-p 00000000 00:00 0 
7ffc6ab73000-7ffc6ab94000 rw-p 00000000 00:00 0                          [stack]
7ffc6abb9000-7ffc6abbc000 r--p 00000000 00:00 0                          [vvar]
7ffc6abbc000-7ffc6abbe000 r-xp 00000000 00:00 0                          [vdso]


VM Arguments:
jvm_args: -Xmx1536m -Dfile.encoding=UTF-8 -Duser.country=RU -Duser.language=ru -Duser.variant 
java_command: org.gradle.launcher.daemon.bootstrap.GradleDaemon 4.9
java_class_path (initial): /home/cherkasik/.gradle/wrapper/dists/gradle-4.9-all/491wbe0x5d54n9cojs2p0zv90/gradle-4.9/lib/gradle-launcher-4.9.jar
Launcher Type: SUN_STANDARD

[Global flags]
     intx CICompilerCount                          = 2                                         {product} {ergonomic}
     uint ConcGCThreads                            = 1                                         {product} {ergonomic}
     uint G1ConcRefinementThreads                  = 2                                         {product} {ergonomic}
   size_t G1HeapRegionSize                         = 1048576                                   {product} {ergonomic}
    uintx GCDrainStackTargetSize                   = 64                                        {product} {ergonomic}
   size_t InitialHeapSize                          = 62914560                                  {product} {ergonomic}
   size_t MarkStackSize                            = 4194304                                   {product} {ergonomic}
   size_t MaxHeapSize                              = 1610612736                                {product} {command line}
   size_t MaxNewSize                               = 965738496                                 {product} {ergonomic}
   size_t MinHeapDeltaBytes                        = 1048576                                   {product} {ergonomic}
    uintx NonNMethodCodeHeapSize                   = 5824844                                {pd product} {ergonomic}
    uintx NonProfiledCodeHeapSize                  = 122916698                              {pd product} {ergonomic}
    uintx ProfiledCodeHeapSize                     = 122916698                              {pd product} {ergonomic}
    uintx ReservedCodeCacheSize                    = 251658240                              {pd product} {ergonomic}
     bool SegmentedCodeCache                       = true                                      {product} {ergonomic}
     bool UseCompressedClassPointers               = true                                 {lp64_product} {ergonomic}
     bool UseCompressedOops                        = true                                 {lp64_product} {ergonomic}
     bool UseG1GC                                  = true                                      {product} {ergonomic}

Logging:
Log output configuration:
 #0: stdout all=warning uptime,level,tags
 #1: stderr all=off uptime,level,tags

Environment Variables:
PATH=/usr/local/sbin:/usr/local/bin:/usr/bin:/usr/lib/jvm/default/bin:/usr/bin/site_perl:/usr/bin/vendor_perl:/usr/bin/core_perl
SHELL=/bin/bash
DISPLAY=:0

Signal Handlers:
SIGSEGV: [libjvm.so+0xdbf620], sa_mask[0]=11111111011111111101111111111110, sa_flags=SA_RESTART|SA_SIGINFO
SIGBUS: [libjvm.so+0xdbf620], sa_mask[0]=11111111011111111101111111111110, sa_flags=SA_RESTART|SA_SIGINFO
SIGFPE: [libjvm.so+0xdbf620], sa_mask[0]=11111111011111111101111111111110, sa_flags=SA_RESTART|SA_SIGINFO
SIGPIPE: [libjvm.so+0xbb5010], sa_mask[0]=11111111011111111101111111111110, sa_flags=SA_RESTART|SA_SIGINFO
SIGXFSZ: [libjvm.so+0xbb5010], sa_mask[0]=11111111011111111101111111111110, sa_flags=SA_RESTART|SA_SIGINFO
SIGILL: [libjvm.so+0xdbf620], sa_mask[0]=11111111011111111101111111111110, sa_flags=SA_RESTART|SA_SIGINFO
SIGUSR2: [libjvm.so+0xbb4e70], sa_mask[0]=00100000000000000000000000000000, sa_flags=SA_RESTART|SA_SIGINFO
SIGHUP: [libjvm.so+0xbb5480], sa_mask[0]=11111111011111111101111111111110, sa_flags=SA_RESTART|SA_SIGINFO
SIGINT: [libjvm.so+0xbb5480], sa_mask[0]=11111111011111111101111111111110, sa_flags=SA_RESTART|SA_SIGINFO
SIGTERM: [libjvm.so+0xbb5480], sa_mask[0]=11111111011111111101111111111110, sa_flags=SA_RESTART|SA_SIGINFO
SIGQUIT: [libjvm.so+0xbb5480], sa_mask[0]=11111111011111111101111111111110, sa_flags=SA_RESTART|SA_SIGINFO


---------------  S Y S T E M  ---------------

OS:DISTRIB_ID=ManjaroLinux
DISTRIB_RELEASE=18.0.4
DISTRIB_CODENAME=Illyria
DISTRIB_DESCRIPTION="Manjaro Linux"
uname:Linux 4.19.45-1-MANJARO #1 SMP PREEMPT Wed May 22 17:16:41 UTC 2019 x86_64
libc:glibc 2.29 NPTL 2.29 
rlimit: STACK 8192k, CORE infinity, NPROC 14717, NOFILE 1048576, AS infinity, DATA infinity, FSIZE infinity
load average:7,60 3,50 2,02

/proc/meminfo:
MemTotal:        3907580 kB
MemFree:          109052 kB
MemAvailable:      30120 kB
Buffers:            1568 kB
Cached:           142432 kB
SwapCached:            0 kB
Active:          3185760 kB
Inactive:         131924 kB
Active(anon):    3175964 kB
Inactive(anon):   109024 kB
Active(file):       9796 kB
Inactive(file):    22900 kB
Unevictable:          32 kB
Mlocked:              32 kB
SwapTotal:             0 kB
SwapFree:              0 kB
Dirty:               128 kB
Writeback:             0 kB
AnonPages:       3173980 kB
Mapped:           121904 kB
Shmem:            111040 kB
Slab:             101012 kB
SReclaimable:      44364 kB
SUnreclaim:        56648 kB
KernelStack:       11968 kB
PageTables:        29924 kB
NFS_Unstable:          0 kB
Bounce:                0 kB
WritebackTmp:          0 kB
CommitLimit:     1953788 kB
Committed_AS:    7100852 kB
VmallocTotal:   34359738367 kB
VmallocUsed:           0 kB
VmallocChunk:          0 kB
Percpu:             1760 kB
HardwareCorrupted:     0 kB
AnonHugePages:         0 kB
ShmemHugePages:        0 kB
ShmemPmdMapped:        0 kB
HugePages_Total:       0
HugePages_Free:        0
HugePages_Rsvd:        0
HugePages_Surp:        0
Hugepagesize:       2048 kB
Hugetlb:               0 kB
DirectMap4k:      522612 kB
DirectMap2M:     3475456 kB
DirectMap1G:           0 kB


/proc/sys/kernel/threads-max (system-wide limit on the number of threads):
29435


/proc/sys/vm/max_map_count (maximum number of memory map areas a process may have):
65530


/proc/sys/kernel/pid_max (system-wide limit on number of process identifiers):
32768



container (cgroup) information:
container_type: cgroupv1
cpu_cpuset_cpus: 0-1
cpu_memory_nodes: 0
active_processor_count: 2
cpu_quota: -1
cpu_period: 100000
cpu_shares: -1
memory_limit_in_bytes: -1
memory_and_swap_limit_in_bytes: -1
memory_soft_limit_in_bytes: -1
memory_usage_in_bytes: 3274498048
memory_max_usage_in_bytes: 3282792448


CPU:total 2 (initial active 2) (2 cores per cpu, 1 threads per core) family 21 model 112 stepping 0, cmov, cx8, fxsr, mmx, sse, sse2, sse3, ssse3, sse4.1, sse4.2, popcnt, avx, avx2, aes, clmul, mmxext, 3dnowpref, lzcnt, sse4a, tsc, tscinvbit, tscinv, bmi1, bmi2, fma
CPU Model and flags from /proc/cpuinfo:
model name	: AMD E2-9000 RADEON R2, 4 COMPUTE CORES 2C+2G
flags		: fpu vme de pse tsc msr pae mce cx8 apic sep mtrr pge mca cmov pat pse36 clflush mmx fxsr sse sse2 ht syscall nx mmxext fxsr_opt pdpe1gb rdtscp lm constant_tsc rep_good acc_power nopl nonstop_tsc cpuid extd_apicid aperfmperf pni pclmulqdq monitor ssse3 fma cx16 sse4_1 sse4_2 movbe popcnt aes xsave avx f16c rdrand lahf_lm cmp_legacy svm extapic cr8_legacy abm sse4a misalignsse 3dnowprefetch osvw ibs xop skinit wdt lwp fma4 tce nodeid_msr tbm perfctr_core perfctr_nb bpext ptsc mwaitx cpb hw_pstate ssbd vmmcall fsgsbase bmi1 avx2 smep bmi2 xsaveopt arat npt lbrv svm_lock nrip_save tsc_scale vmcb_clean flushbyasid decodeassists pausefilter pfthreshold avic v_vmsave_vmload vgif overflow_recov

Memory: 4k page, physical 3907580k(108296k free), swap 0k(0k free)

vm_info: OpenJDK 64-Bit Server VM (11.0.3+7) for linux-amd64 JRE (11.0.3+7), built on May 20 2019 21:57:45 by "builder" with gcc 8.3.0

END.
